#
# There is insufficient memory for the Java Runtime Environment to continue.
# Native memory allocation (malloc) failed to allocate 939536 bytes for Chunk::new
# Possible reasons:
#   The system is out of physical RAM or swap space
#   The process is running with CompressedOops enabled, and the Java Heap may be blocking the growth of the native heap
# Possible solutions:
#   Reduce memory load on the system
#   Increase physical memory or swap space
#   Check if swap backing store is full
#   Decrease Java heap size (-Xmx/-Xms)
#   Decrease number of Java threads
#   Decrease Java thread stack sizes (-Xss)
#   Set larger code cache with -XX:ReservedCodeCacheSize=
#   JVM is running with Unscaled Compressed Oops mode in which the Java heap is
#     placed in the first 4GB address space. The Java Heap base address is the
#     maximum limit for the native heap growth. Please use -XX:HeapBaseMinAddress
#     to set the Java Heap base and to place the Java Heap above 4GB virtual address.
# This output file may be truncated or incomplete.
#
#  Out of Memory Error (./src/hotspot/share/memory/arena.cpp:197), pid=1908, tid=10304
#
# JRE version: OpenJDK Runtime Environment (11.0.13) (build 11.0.13+0-b1751.21-8125866)
# Java VM: OpenJDK 64-Bit Server VM (11.0.13+0-b1751.21-8125866, mixed mode, tiered, compressed oops, g1 gc, windows-amd64)
# No core dump will be written. Minidumps are not enabled by default on client versions of Windows
#

---------------  S U M M A R Y ------------

Command Line: --add-opens=java.base/java.util=ALL-UNNAMED --add-opens=java.base/java.lang=ALL-UNNAMED --add-opens=java.base/java.lang.invoke=ALL-UNNAMED --add-opens=java.base/java.util=ALL-UNNAMED --add-opens=java.prefs/java.util.prefs=ALL-UNNAMED --add-opens=java.prefs/java.util.prefs=ALL-UNNAMED --add-opens=java.base/java.nio.charset=ALL-UNNAMED --add-opens=java.base/java.net=ALL-UNNAMED --add-opens=java.base/java.util.concurrent.atomic=ALL-UNNAMED -Xmx2048m -Dfile.encoding=UTF-8 -Duser.country=US -Duser.language=en -Duser.variant org.gradle.launcher.daemon.bootstrap.GradleDaemon 7.4

Host: Intel(R) Core(TM) i5-9400F CPU @ 2.90GHz, 6 cores, 7G,  Windows 10 , 64 bit Build 19041 (10.0.19041.1706)
Time: Mon Sep 26 21:02:52 2022 Myanmar Standard Time elapsed time: 2.893776 seconds (0d 0h 0m 2s)

---------------  T H R E A D  ---------------

Current thread (0x000002be7ae0f800):  JavaThread "C2 CompilerThread0" daemon [_thread_in_native, id=10304, stack(0x000000cb0c200000,0x000000cb0c300000)]


Current CompileTask:
C2:   2893 2061   !   4       java.net.URLClassLoader$1::run (81 bytes)

Stack: [0x000000cb0c200000,0x000000cb0c300000]
Native frames: (J=compiled Java code, j=interpreted, Vv=VM code, C=native code)
V  [jvm.dll+0x6100fa]
V  [jvm.dll+0x747090]
V  [jvm.dll+0x7486ad]
V  [jvm.dll+0x748d83]
V  [jvm.dll+0x24ab48]
V  [jvm.dll+0xc04dc]
V  [jvm.dll+0xc0a0c]
V  [jvm.dll+0x2bfab4]
V  [jvm.dll+0x524238]
V  [jvm.dll+0x20b193]
V  [jvm.dll+0x204ca0]
V  [jvm.dll+0x2023c2]
V  [jvm.dll+0x188e01]
V  [jvm.dll+0x21106b]
V  [jvm.dll+0x20f8c1]
V  [jvm.dll+0x70de0f]
V  [jvm.dll+0x706a75]
V  [jvm.dll+0x60ed66]
C  [ucrtbase.dll+0x21bb2]
C  [KERNEL32.DLL+0x17034]
C  [ntdll.dll+0x52651]


---------------  P R O C E S S  ---------------

Threads class SMR info:
_java_thread_list=0x000002be7ebc4d30, length=26, elements={
0x000002be6ddbc000, 0x000002be7ade5000, 0x000002be7adf0800, 0x000002be7b773800,
0x000002be7ae02000, 0x000002be7ae05000, 0x000002be7ae0f800, 0x000002be7ae13800,
0x000002be7ae17800, 0x000002be7b8d8000, 0x000002be7d0e5800, 0x000002be7dad1800,
0x000002be7de10000, 0x000002be7df5c800, 0x000002be7bb27800, 0x000002be7dfb7000,
0x000002be7d9a3800, 0x000002be7d5f8800, 0x000002be7d75e000, 0x000002be7d68b800,
0x000002be7e98f000, 0x000002be7e98c000, 0x000002be7e98c800, 0x000002be7ebdd800,
0x000002be7e990000, 0x000002be7e98e800
}

Java Threads: ( => current thread )
  0x000002be6ddbc000 JavaThread "main" [_thread_blocked, id=7568, stack(0x000000cb0b600000,0x000000cb0b700000)]
  0x000002be7ade5000 JavaThread "Reference Handler" daemon [_thread_blocked, id=4788, stack(0x000000cb0bd00000,0x000000cb0be00000)]
  0x000002be7adf0800 JavaThread "Finalizer" daemon [_thread_blocked, id=9468, stack(0x000000cb0be00000,0x000000cb0bf00000)]
  0x000002be7b773800 JavaThread "Signal Dispatcher" daemon [_thread_blocked, id=1056, stack(0x000000cb0bf00000,0x000000cb0c000000)]
  0x000002be7ae02000 JavaThread "Attach Listener" daemon [_thread_blocked, id=4700, stack(0x000000cb0c000000,0x000000cb0c100000)]
  0x000002be7ae05000 JavaThread "Service Thread" daemon [_thread_blocked, id=7464, stack(0x000000cb0c100000,0x000000cb0c200000)]
=>0x000002be7ae0f800 JavaThread "C2 CompilerThread0" daemon [_thread_in_native, id=10304, stack(0x000000cb0c200000,0x000000cb0c300000)]
  0x000002be7ae13800 JavaThread "C1 CompilerThread0" daemon [_thread_blocked, id=10108, stack(0x000000cb0c300000,0x000000cb0c400000)]
  0x000002be7ae17800 JavaThread "Sweeper thread" daemon [_thread_blocked, id=6764, stack(0x000000cb0c400000,0x000000cb0c500000)]
  0x000002be7b8d8000 JavaThread "Common-Cleaner" daemon [_thread_blocked, id=4456, stack(0x000000cb0c500000,0x000000cb0c600000)]
  0x000002be7d0e5800 JavaThread "Daemon health stats" [_thread_blocked, id=3876, stack(0x000000cb0ca00000,0x000000cb0cb00000)]
  0x000002be7dad1800 JavaThread "Incoming local TCP Connector on port 51911" [_thread_in_native, id=5980, stack(0x000000cb0c700000,0x000000cb0c800000)]
  0x000002be7de10000 JavaThread "Daemon periodic checks" [_thread_blocked, id=5900, stack(0x000000cb0cb00000,0x000000cb0cc00000)]
  0x000002be7df5c800 JavaThread "Daemon" [_thread_blocked, id=1584, stack(0x000000cb0cc00000,0x000000cb0cd00000)]
  0x000002be7bb27800 JavaThread "Handler for socket connection from /127.0.0.1:51911 to /127.0.0.1:51912" [_thread_in_native, id=9448, stack(0x000000cb0cd00000,0x000000cb0ce00000)]
  0x000002be7dfb7000 JavaThread "Cancel handler" [_thread_blocked, id=5284, stack(0x000000cb0ce00000,0x000000cb0cf00000)]
  0x000002be7d9a3800 JavaThread "Daemon worker" [_thread_blocked, id=8896, stack(0x000000cb0cf00000,0x000000cb0d000000)]
  0x000002be7d5f8800 JavaThread "Asynchronous log dispatcher for DefaultDaemonConnection: socket connection from /127.0.0.1:51911 to /127.0.0.1:51912" [_thread_blocked, id=10560, stack(0x000000cb0d000000,0x000000cb0d100000)]
  0x000002be7d75e000 JavaThread "Stdin handler" [_thread_blocked, id=6228, stack(0x000000cb0d100000,0x000000cb0d200000)]
  0x000002be7d68b800 JavaThread "Daemon client event forwarder" [_thread_blocked, id=4516, stack(0x000000cb0d200000,0x000000cb0d300000)]
  0x000002be7e98f000 JavaThread "Cache worker for journal cache (C:\Users\user\.gradle\caches\journal-1)" [_thread_blocked, id=7528, stack(0x000000cb0d600000,0x000000cb0d700000)]
  0x000002be7e98c000 JavaThread "File lock request listener" [_thread_in_native, id=2816, stack(0x000000cb0d700000,0x000000cb0d800000)]
  0x000002be7e98c800 JavaThread "Cache worker for file hash cache (C:\Users\user\.gradle\caches\7.4\fileHashes)" [_thread_blocked, id=8740, stack(0x000000cb0d800000,0x000000cb0d900000)]
  0x000002be7ebdd800 JavaThread "C2 CompilerThread1" daemon [_thread_blocked, id=7364, stack(0x000000cb0da00000,0x000000cb0db00000)]
  0x000002be7e990000 JavaThread "File watcher server" daemon [_thread_in_native, id=2284, stack(0x000000cb0db00000,0x000000cb0dc00000)]
  0x000002be7e98e800 JavaThread "File watcher consumer" daemon [_thread_blocked, id=10688, stack(0x000000cb0dc00000,0x000000cb0dd00000)]

Other Threads:
  0x000002be7ade3000 VMThread "VM Thread" [stack: 0x000000cb0bc00000,0x000000cb0bd00000] [id=6172]
  0x000002be7b907800 WatcherThread [stack: 0x000000cb0c600000,0x000000cb0c700000] [id=7228]
  0x000002be6ddd5800 GCTaskThread "GC Thread#0" [stack: 0x000000cb0b700000,0x000000cb0b800000] [id=4408]
  0x000002be7bff5800 GCTaskThread "GC Thread#1" [stack: 0x000000cb0c800000,0x000000cb0c900000] [id=3736]
  0x000002be7cb13000 GCTaskThread "GC Thread#2" [stack: 0x000000cb0c900000,0x000000cb0ca00000] [id=4288]
  0x000002be7dc6b800 GCTaskThread "GC Thread#3" [stack: 0x000000cb0d300000,0x000000cb0d400000] [id=8168]
  0x000002be7dd00800 GCTaskThread "GC Thread#4" [stack: 0x000000cb0d400000,0x000000cb0d500000] [id=1484]
  0x000002be7e3e5800 GCTaskThread "GC Thread#5" [stack: 0x000000cb0d500000,0x000000cb0d600000] [id=2128]
  0x000002be6de07000 ConcurrentGCThread "G1 Main Marker" [stack: 0x000000cb0b800000,0x000000cb0b900000] [id=3824]
  0x000002be6de08000 ConcurrentGCThread "G1 Conc#0" [stack: 0x000000cb0b900000,0x000000cb0ba00000] [id=6596]
  0x000002be7ea1c800 ConcurrentGCThread "G1 Conc#1" [stack: 0x000000cb0d900000,0x000000cb0da00000] [id=2780]
  0x000002be7ac40800 ConcurrentGCThread "G1 Refine#0" [stack: 0x000000cb0ba00000,0x000000cb0bb00000] [id=8024]
  0x000002be7ac41800 ConcurrentGCThread "G1 Young RemSet Sampling" [stack: 0x000000cb0bb00000,0x000000cb0bc00000] [id=6564]

Threads with active compile tasks:
C2 CompilerThread0   2913 2061   !   4       java.net.URLClassLoader$1::run (81 bytes)
C2 CompilerThread1   2913 2060       4       java.net.URLClassLoader$1::run (5 bytes)

VM state:at safepoint (normal execution)

VM Mutex/Monitor currently owned by a thread:  ([mutex/lock_event])
[0x000002be6ddb7d10] Threads_lock - owner thread: 0x000002be7ade3000
[0x000002be6ddb8610] Heap_lock - owner thread: 0x000002be7d9a3800

Heap address: 0x0000000080000000, size: 2048 MB, Compressed Oops mode: 32-bit
Narrow klass base: 0x0000000000000000, Narrow klass shift: 3
Compressed class space size: 1073741824 Address: 0x0000000100000000

Heap:
 garbage-first heap   total 131072K, used 66436K [0x0000000080000000, 0x0000000100000000)
  region size 1024K, 54 young (55296K), 6 survivors (6144K)
 Metaspace       used 25753K, capacity 26347K, committed 26368K, reserved 1079296K
  class space    used 3333K, capacity 3563K, committed 3584K, reserved 1048576K
Heap Regions: E=young(eden), S=young(survivor), O=old, HS=humongous(starts), HC=humongous(continues), CS=collection set, F=free, A=archive, TAMS=top-at-mark-start (previous, next)
|   0|0x0000000080000000, 0x0000000080100000, 0x0000000080100000|100%| O|  |TAMS 0x0000000080100000, 0x0000000080100000| Untracked 
|   1|0x0000000080100000, 0x0000000080200000, 0x0000000080200000|100%| O|  |TAMS 0x0000000080200000, 0x0000000080200000| Untracked 
|   2|0x0000000080200000, 0x0000000080300000, 0x0000000080300000|100%| O|  |TAMS 0x0000000080300000, 0x0000000080300000| Untracked 
|   3|0x0000000080300000, 0x0000000080400000, 0x0000000080400000|100%|HS|  |TAMS 0x0000000080400000, 0x0000000080400000| Complete 
|   4|0x0000000080400000, 0x0000000080500000, 0x0000000080500000|100%|HC|  |TAMS 0x0000000080500000, 0x0000000080500000| Complete 
|   5|0x0000000080500000, 0x0000000080600000, 0x0000000080600000|100%|HC|  |TAMS 0x0000000080600000, 0x0000000080600000| Complete 
|   6|0x0000000080600000, 0x0000000080700000, 0x0000000080700000|100%| O|  |TAMS 0x0000000080700000, 0x0000000080700000| Untracked 
|   7|0x0000000080700000, 0x0000000080800000, 0x0000000080800000|100%| O|  |TAMS 0x0000000080800000, 0x0000000080800000| Untracked 
|   8|0x0000000080800000, 0x0000000080900000, 0x0000000080900000|100%| O|  |TAMS 0x0000000080900000, 0x0000000080900000| Untracked 
|   9|0x0000000080900000, 0x0000000080a00000, 0x0000000080a00000|100%| O|  |TAMS 0x0000000080a00000, 0x0000000080a00000| Untracked 
|  10|0x0000000080a00000, 0x0000000080b00000, 0x0000000080b00000|100%| O|  |TAMS 0x0000000080b00000, 0x0000000080b00000| Untracked 
|  11|0x0000000080b00000, 0x0000000080c00000, 0x0000000080c00000|100%| O|  |TAMS 0x0000000080c00000, 0x0000000080c00000| Untracked 
|  12|0x0000000080c00000, 0x0000000080d00000, 0x0000000080d00000|100%| O|  |TAMS 0x0000000080d00000, 0x0000000080d00000| Untracked 
|  13|0x0000000080d00000, 0x0000000080dce600, 0x0000000080e00000| 80%| O|  |TAMS 0x0000000080dce600, 0x0000000080dce600| Untracked 
|  14|0x0000000080e00000, 0x0000000080e00000, 0x0000000080f00000|  0%| F|  |TAMS 0x0000000080e00000, 0x0000000080e00000| Untracked 
|  15|0x0000000080f00000, 0x0000000080f00000, 0x0000000081000000|  0%| F|  |TAMS 0x0000000080f00000, 0x0000000080f00000| Untracked 
|  16|0x0000000081000000, 0x0000000081000000, 0x0000000081100000|  0%| F|  |TAMS 0x0000000081000000, 0x0000000081000000| Untracked 
|  17|0x0000000081100000, 0x0000000081100000, 0x0000000081200000|  0%| F|  |TAMS 0x0000000081100000, 0x0000000081100000| Untracked 
|  18|0x0000000081200000, 0x0000000081200000, 0x0000000081300000|  0%| F|  |TAMS 0x0000000081200000, 0x0000000081200000| Untracked 
|  19|0x0000000081300000, 0x0000000081300000, 0x0000000081400000|  0%| F|  |TAMS 0x0000000081300000, 0x0000000081300000| Untracked 
|  20|0x0000000081400000, 0x0000000081400000, 0x0000000081500000|  0%| F|  |TAMS 0x0000000081400000, 0x0000000081400000| Untracked 
|  21|0x0000000081500000, 0x0000000081500000, 0x0000000081600000|  0%| F|  |TAMS 0x0000000081500000, 0x0000000081500000| Untracked 
|  22|0x0000000081600000, 0x0000000081600000, 0x0000000081700000|  0%| F|  |TAMS 0x0000000081600000, 0x0000000081600000| Untracked 
|  23|0x0000000081700000, 0x0000000081700000, 0x0000000081800000|  0%| F|  |TAMS 0x0000000081700000, 0x0000000081700000| Untracked 
|  24|0x0000000081800000, 0x0000000081800000, 0x0000000081900000|  0%| F|  |TAMS 0x0000000081800000, 0x0000000081800000| Untracked 
|  25|0x0000000081900000, 0x0000000081900000, 0x0000000081a00000|  0%| F|  |TAMS 0x0000000081900000, 0x0000000081900000| Untracked 
|  26|0x0000000081a00000, 0x0000000081a00000, 0x0000000081b00000|  0%| F|  |TAMS 0x0000000081a00000, 0x0000000081a00000| Untracked 
|  27|0x0000000081b00000, 0x0000000081b00000, 0x0000000081c00000|  0%| F|  |TAMS 0x0000000081b00000, 0x0000000081b00000| Untracked 
|  28|0x0000000081c00000, 0x0000000081c00000, 0x0000000081d00000|  0%| F|  |TAMS 0x0000000081c00000, 0x0000000081c00000| Untracked 
|  29|0x0000000081d00000, 0x0000000081d00000, 0x0000000081e00000|  0%| F|  |TAMS 0x0000000081d00000, 0x0000000081d00000| Untracked 
|  30|0x0000000081e00000, 0x0000000081e00000, 0x0000000081f00000|  0%| F|  |TAMS 0x0000000081e00000, 0x0000000081e00000| Untracked 
|  31|0x0000000081f00000, 0x0000000081f00000, 0x0000000082000000|  0%| F|  |TAMS 0x0000000081f00000, 0x0000000081f00000| Untracked 
|  32|0x0000000082000000, 0x0000000082000000, 0x0000000082100000|  0%| F|  |TAMS 0x0000000082000000, 0x0000000082000000| Untracked 
|  33|0x0000000082100000, 0x0000000082100000, 0x0000000082200000|  0%| F|  |TAMS 0x0000000082100000, 0x0000000082100000| Untracked 
|  34|0x0000000082200000, 0x0000000082200000, 0x0000000082300000|  0%| F|  |TAMS 0x0000000082200000, 0x0000000082200000| Untracked 
|  35|0x0000000082300000, 0x0000000082300000, 0x0000000082400000|  0%| F|  |TAMS 0x0000000082300000, 0x0000000082300000| Untracked 
|  36|0x0000000082400000, 0x0000000082400000, 0x0000000082500000|  0%| F|  |TAMS 0x0000000082400000, 0x0000000082400000| Untracked 
|  37|0x0000000082500000, 0x0000000082500000, 0x0000000082600000|  0%| F|  |TAMS 0x0000000082500000, 0x0000000082500000| Untracked 
|  38|0x0000000082600000, 0x0000000082600000, 0x0000000082700000|  0%| F|  |TAMS 0x0000000082600000, 0x0000000082600000| Untracked 
|  39|0x0000000082700000, 0x0000000082700000, 0x0000000082800000|  0%| F|  |TAMS 0x0000000082700000, 0x0000000082700000| Untracked 
|  40|0x0000000082800000, 0x0000000082800000, 0x0000000082900000|  0%| F|  |TAMS 0x0000000082800000, 0x0000000082800000| Untracked 
|  41|0x0000000082900000, 0x0000000082900000, 0x0000000082a00000|  0%| F|  |TAMS 0x0000000082900000, 0x0000000082900000| Untracked 
|  42|0x0000000082a00000, 0x0000000082a00000, 0x0000000082b00000|  0%| F|  |TAMS 0x0000000082a00000, 0x0000000082a00000| Untracked 
|  43|0x0000000082b00000, 0x0000000082b00000, 0x0000000082c00000|  0%| F|  |TAMS 0x0000000082b00000, 0x0000000082b00000| Untracked 
|  44|0x0000000082c00000, 0x0000000082c00000, 0x0000000082d00000|  0%| F|  |TAMS 0x0000000082c00000, 0x0000000082c00000| Untracked 
|  45|0x0000000082d00000, 0x0000000082d00000, 0x0000000082e00000|  0%| F|  |TAMS 0x0000000082d00000, 0x0000000082d00000| Untracked 
|  46|0x0000000082e00000, 0x0000000082e00000, 0x0000000082f00000|  0%| F|  |TAMS 0x0000000082e00000, 0x0000000082e00000| Untracked 
|  47|0x0000000082f00000, 0x0000000082f00000, 0x0000000083000000|  0%| F|  |TAMS 0x0000000082f00000, 0x0000000082f00000| Untracked 
|  48|0x0000000083000000, 0x0000000083000000, 0x0000000083100000|  0%| F|  |TAMS 0x0000000083000000, 0x0000000083000000| Untracked 
|  49|0x0000000083100000, 0x0000000083100000, 0x0000000083200000|  0%| F|  |TAMS 0x0000000083100000, 0x0000000083100000| Untracked 
|  50|0x0000000083200000, 0x0000000083200000, 0x0000000083300000|  0%| F|  |TAMS 0x0000000083200000, 0x0000000083200000| Untracked 
|  51|0x0000000083300000, 0x0000000083300000, 0x0000000083400000|  0%| F|  |TAMS 0x0000000083300000, 0x0000000083300000| Untracked 
|  52|0x0000000083400000, 0x0000000083400000, 0x0000000083500000|  0%| F|  |TAMS 0x0000000083400000, 0x0000000083400000| Untracked 
|  53|0x0000000083500000, 0x0000000083500000, 0x0000000083600000|  0%| F|  |TAMS 0x0000000083500000, 0x0000000083500000| Untracked 
|  54|0x0000000083600000, 0x0000000083600000, 0x0000000083700000|  0%| F|  |TAMS 0x0000000083600000, 0x0000000083600000| Untracked 
|  55|0x0000000083700000, 0x0000000083700000, 0x0000000083800000|  0%| F|  |TAMS 0x0000000083700000, 0x0000000083700000| Untracked 
|  56|0x0000000083800000, 0x0000000083800000, 0x0000000083900000|  0%| F|  |TAMS 0x0000000083800000, 0x0000000083800000| Untracked 
|  57|0x0000000083900000, 0x0000000083900000, 0x0000000083a00000|  0%| F|  |TAMS 0x0000000083900000, 0x0000000083900000| Untracked 
|  58|0x0000000083a00000, 0x0000000083a00000, 0x0000000083b00000|  0%| F|  |TAMS 0x0000000083a00000, 0x0000000083a00000| Untracked 
|  59|0x0000000083b00000, 0x0000000083b00000, 0x0000000083c00000|  0%| F|  |TAMS 0x0000000083b00000, 0x0000000083b00000| Untracked 
|  60|0x0000000083c00000, 0x0000000083c00000, 0x0000000083d00000|  0%| F|  |TAMS 0x0000000083c00000, 0x0000000083c00000| Untracked 
|  61|0x0000000083d00000, 0x0000000083d00000, 0x0000000083e00000|  0%| F|  |TAMS 0x0000000083d00000, 0x0000000083d00000| Untracked 
|  62|0x0000000083e00000, 0x0000000083e00000, 0x0000000083f00000|  0%| F|  |TAMS 0x0000000083e00000, 0x0000000083e00000| Untracked 
|  63|0x0000000083f00000, 0x0000000083f00000, 0x0000000084000000|  0%| F|  |TAMS 0x0000000083f00000, 0x0000000083f00000| Untracked 
|  64|0x0000000084000000, 0x0000000084000000, 0x0000000084100000|  0%| F|  |TAMS 0x0000000084000000, 0x0000000084000000| Untracked 
|  65|0x0000000084100000, 0x0000000084100000, 0x0000000084200000|  0%| F|  |TAMS 0x0000000084100000, 0x0000000084100000| Untracked 
|  66|0x0000000084200000, 0x0000000084200000, 0x0000000084300000|  0%| F|  |TAMS 0x0000000084200000, 0x0000000084200000| Untracked 
|  67|0x0000000084300000, 0x0000000084300000, 0x0000000084400000|  0%| F|  |TAMS 0x0000000084300000, 0x0000000084300000| Untracked 
|  68|0x0000000084400000, 0x0000000084400000, 0x0000000084500000|  0%| F|  |TAMS 0x0000000084400000, 0x0000000084400000| Untracked 
|  69|0x0000000084500000, 0x0000000084500000, 0x0000000084600000|  0%| F|  |TAMS 0x0000000084500000, 0x0000000084500000| Untracked 
|  70|0x0000000084600000, 0x00000000846518e8, 0x0000000084700000| 31%| S|CS|TAMS 0x0000000084600000, 0x0000000084600000| Complete 
|  71|0x0000000084700000, 0x0000000084800000, 0x0000000084800000|100%| S|CS|TAMS 0x0000000084700000, 0x0000000084700000| Complete 
|  72|0x0000000084800000, 0x0000000084900000, 0x0000000084900000|100%| S|CS|TAMS 0x0000000084800000, 0x0000000084800000| Complete 
|  73|0x0000000084900000, 0x0000000084a00000, 0x0000000084a00000|100%| S|CS|TAMS 0x0000000084900000, 0x0000000084900000| Complete 
|  74|0x0000000084a00000, 0x0000000084b00000, 0x0000000084b00000|100%| S|CS|TAMS 0x0000000084a00000, 0x0000000084a00000| Complete 
|  75|0x0000000084b00000, 0x0000000084c00000, 0x0000000084c00000|100%| S|CS|TAMS 0x0000000084b00000, 0x0000000084b00000| Complete 
|  76|0x0000000084c00000, 0x0000000084c00000, 0x0000000084d00000|  0%| F|  |TAMS 0x0000000084c00000, 0x0000000084c00000| Untracked 
|  77|0x0000000084d00000, 0x0000000084d00000, 0x0000000084e00000|  0%| F|  |TAMS 0x0000000084d00000, 0x0000000084d00000| Untracked 
|  78|0x0000000084e00000, 0x0000000084e00000, 0x0000000084f00000|  0%| F|  |TAMS 0x0000000084e00000, 0x0000000084e00000| Untracked 
|  79|0x0000000084f00000, 0x0000000084f00000, 0x0000000085000000|  0%| F|  |TAMS 0x0000000084f00000, 0x0000000084f00000| Untracked 
|  80|0x0000000085000000, 0x0000000085000000, 0x0000000085100000|  0%| F|  |TAMS 0x0000000085000000, 0x0000000085000000| Untracked 
|  81|0x0000000085100000, 0x0000000085100000, 0x0000000085200000|  0%| F|  |TAMS 0x0000000085100000, 0x0000000085100000| Untracked 
|  82|0x0000000085200000, 0x0000000085200000, 0x0000000085300000|  0%| F|  |TAMS 0x0000000085200000, 0x0000000085200000| Untracked 
|  83|0x0000000085300000, 0x0000000085300000, 0x0000000085400000|  0%| F|  |TAMS 0x0000000085300000, 0x0000000085300000| Untracked 
|  84|0x0000000085400000, 0x0000000085400000, 0x0000000085500000|  0%| F|  |TAMS 0x0000000085400000, 0x0000000085400000| Untracked 
|  85|0x0000000085500000, 0x0000000085500000, 0x0000000085600000|  0%| F|  |TAMS 0x0000000085500000, 0x0000000085500000| Untracked 
|  86|0x0000000085600000, 0x0000000085600000, 0x0000000085700000|  0%| F|  |TAMS 0x0000000085600000, 0x0000000085600000| Untracked 
|  87|0x0000000085700000, 0x0000000085700000, 0x0000000085800000|  0%| F|  |TAMS 0x0000000085700000, 0x0000000085700000| Untracked 
|  88|0x0000000085800000, 0x0000000085800000, 0x0000000085900000|  0%| F|  |TAMS 0x0000000085800000, 0x0000000085800000| Untracked 
|  89|0x0000000085900000, 0x0000000085900000, 0x0000000085a00000|  0%| F|  |TAMS 0x0000000085900000, 0x0000000085900000| Untracked 
|  90|0x0000000085a00000, 0x0000000085a00000, 0x0000000085b00000|  0%| F|  |TAMS 0x0000000085a00000, 0x0000000085a00000| Untracked 
|  91|0x0000000085b00000, 0x0000000085b00000, 0x0000000085c00000|  0%| F|  |TAMS 0x0000000085b00000, 0x0000000085b00000| Untracked 
|  92|0x0000000085c00000, 0x0000000085c00000, 0x0000000085d00000|  0%| F|  |TAMS 0x0000000085c00000, 0x0000000085c00000| Untracked 
|  93|0x0000000085d00000, 0x0000000085d00000, 0x0000000085e00000|  0%| F|  |TAMS 0x0000000085d00000, 0x0000000085d00000| Untracked 
|  94|0x0000000085e00000, 0x0000000085e00000, 0x0000000085f00000|  0%| F|  |TAMS 0x0000000085e00000, 0x0000000085e00000| Untracked 
|  95|0x0000000085f00000, 0x0000000085f00000, 0x0000000086000000|  0%| F|  |TAMS 0x0000000085f00000, 0x0000000085f00000| Untracked 
|  96|0x0000000086000000, 0x0000000086000000, 0x0000000086100000|  0%| F|  |TAMS 0x0000000086000000, 0x0000000086000000| Untracked 
|  97|0x0000000086100000, 0x0000000086100000, 0x0000000086200000|  0%| F|  |TAMS 0x0000000086100000, 0x0000000086100000| Untracked 
|  98|0x0000000086200000, 0x0000000086200000, 0x0000000086300000|  0%| F|  |TAMS 0x0000000086200000, 0x0000000086200000| Untracked 
|  99|0x0000000086300000, 0x0000000086300000, 0x0000000086400000|  0%| F|  |TAMS 0x0000000086300000, 0x0000000086300000| Untracked 
| 100|0x0000000086400000, 0x0000000086400000, 0x0000000086500000|  0%| F|  |TAMS 0x0000000086400000, 0x0000000086400000| Untracked 
| 101|0x0000000086500000, 0x0000000086500000, 0x0000000086600000|  0%| F|  |TAMS 0x0000000086500000, 0x0000000086500000| Untracked 
| 102|0x0000000086600000, 0x0000000086600000, 0x0000000086700000|  0%| F|  |TAMS 0x0000000086600000, 0x0000000086600000| Untracked 
| 103|0x0000000086700000, 0x0000000086700000, 0x0000000086800000|  0%| F|  |TAMS 0x0000000086700000, 0x0000000086700000| Untracked 
| 104|0x0000000086800000, 0x0000000086800000, 0x0000000086900000|  0%| F|  |TAMS 0x0000000086800000, 0x0000000086800000| Untracked 
| 105|0x0000000086900000, 0x0000000086900000, 0x0000000086a00000|  0%| F|  |TAMS 0x0000000086900000, 0x0000000086900000| Untracked 
| 106|0x0000000086a00000, 0x0000000086a00000, 0x0000000086b00000|  0%| F|  |TAMS 0x0000000086a00000, 0x0000000086a00000| Untracked 
| 107|0x0000000086b00000, 0x0000000086b00000, 0x0000000086c00000|  0%| F|  |TAMS 0x0000000086b00000, 0x0000000086b00000| Untracked 
| 108|0x0000000086c00000, 0x0000000086c00000, 0x0000000086d00000|  0%| F|  |TAMS 0x0000000086c00000, 0x0000000086c00000| Untracked 
| 109|0x0000000086d00000, 0x0000000086d00000, 0x0000000086e00000|  0%| F|  |TAMS 0x0000000086d00000, 0x0000000086d00000| Untracked 
| 110|0x0000000086e00000, 0x0000000086e00000, 0x0000000086f00000|  0%| F|  |TAMS 0x0000000086e00000, 0x0000000086e00000| Untracked 
| 111|0x0000000086f00000, 0x0000000086f00000, 0x0000000087000000|  0%| F|  |TAMS 0x0000000086f00000, 0x0000000086f00000| Untracked 
| 112|0x0000000087000000, 0x0000000087000000, 0x0000000087100000|  0%| F|  |TAMS 0x0000000087000000, 0x0000000087000000| Untracked 
| 113|0x0000000087100000, 0x0000000087100000, 0x0000000087200000|  0%| F|  |TAMS 0x0000000087100000, 0x0000000087100000| Untracked 
| 114|0x0000000087200000, 0x0000000087200000, 0x0000000087300000|  0%| F|  |TAMS 0x0000000087200000, 0x0000000087200000| Untracked 
| 115|0x0000000087300000, 0x0000000087300000, 0x0000000087400000|  0%| F|  |TAMS 0x0000000087300000, 0x0000000087300000| Untracked 
| 116|0x0000000087400000, 0x0000000087400000, 0x0000000087500000|  0%| F|  |TAMS 0x0000000087400000, 0x0000000087400000| Untracked 
| 117|0x0000000087500000, 0x0000000087500000, 0x0000000087600000|  0%| F|  |TAMS 0x0000000087500000, 0x0000000087500000| Untracked 
| 118|0x0000000087600000, 0x0000000087600000, 0x0000000087700000|  0%| F|  |TAMS 0x0000000087600000, 0x0000000087600000| Untracked 
| 119|0x0000000087700000, 0x0000000087700000, 0x0000000087800000|  0%| F|  |TAMS 0x0000000087700000, 0x0000000087700000| Untracked 
| 120|0x0000000087800000, 0x0000000087800000, 0x0000000087900000|  0%| F|  |TAMS 0x0000000087800000, 0x0000000087800000| Untracked 
| 121|0x0000000087900000, 0x0000000087900000, 0x0000000087a00000|  0%| F|  |TAMS 0x0000000087900000, 0x0000000087900000| Untracked 
| 122|0x0000000087a00000, 0x0000000087a00000, 0x0000000087b00000|  0%| F|  |TAMS 0x0000000087a00000, 0x0000000087a00000| Untracked 
| 123|0x0000000087b00000, 0x0000000087b00000, 0x0000000087c00000|  0%| F|  |TAMS 0x0000000087b00000, 0x0000000087b00000| Untracked 
| 124|0x0000000087c00000, 0x0000000087c00000, 0x0000000087d00000|  0%| F|  |TAMS 0x0000000087c00000, 0x0000000087c00000| Untracked 
| 125|0x0000000087d00000, 0x0000000087d00000, 0x0000000087e00000|  0%| F|  |TAMS 0x0000000087d00000, 0x0000000087d00000| Untracked 
| 126|0x0000000087e00000, 0x0000000087e00000, 0x0000000087f00000|  0%| F|  |TAMS 0x0000000087e00000, 0x0000000087e00000| Untracked 
| 127|0x0000000087f00000, 0x0000000087f00000, 0x0000000088000000|  0%| F|  |TAMS 0x0000000087f00000, 0x0000000087f00000| Untracked 

Card table byte_map: [0x000002be73d30000,0x000002be74130000] _byte_map_base: 0x000002be73930000

Marking Bits (Prev, Next): (CMBitMap*) 0x000002be6ddfe1f0, (CMBitMap*) 0x000002be6ddfe1b8
 Prev Bits: [0x000002be76530000, 0x000002be78530000)
 Next Bits: [0x000002be74530000, 0x000002be76530000)

Polling page: 0x000002be6dea0000

Metaspace:

Usage:
  Non-class:     22.25 MB capacity,    21.89 MB ( 98%) used,   318.48 KB (  1%) free+waste,    45.88 KB ( <1%) overhead. 
      Class:      3.48 MB capacity,     3.26 MB ( 94%) used,   206.32 KB (  6%) free+waste,    23.06 KB ( <1%) overhead. 
       Both:     25.73 MB capacity,    25.15 MB ( 98%) used,   524.80 KB (  2%) free+waste,    68.94 KB ( <1%) overhead. 

Virtual space:
  Non-class space:       30.00 MB reserved,      22.25 MB ( 74%) committed 
      Class space:        1.00 GB reserved,       3.50 MB ( <1%) committed 
             Both:        1.03 GB reserved,      25.75 MB (  2%) committed 

Chunk freelists:
   Non-Class:  0 bytes
       Class:  21.00 KB
        Both:  21.00 KB

MaxMetaspaceSize: 17179869184.00 GB
CompressedClassSpaceSize: 1.00 GB
Initial GC threshold: 20.80 MB
Current GC threshold: 35.20 MB
CDS: off

CodeHeap 'non-profiled nmethods': size=120064Kb used=1151Kb max_used=1151Kb free=118913Kb
 bounds [0x000002be07ac0000, 0x000002be07d30000, 0x000002be0f000000]
CodeHeap 'profiled nmethods': size=120000Kb used=4578Kb max_used=4578Kb free=115421Kb
 bounds [0x000002be00590000, 0x000002be00a10000, 0x000002be07ac0000]
CodeHeap 'non-nmethods': size=5696Kb used=1221Kb max_used=1247Kb free=4474Kb
 bounds [0x000002be00000000, 0x000002be00270000, 0x000002be00590000]
 total_blobs=2667 nmethods=2169 adapters=410
 compilation: enabled
              stopped_count=0, restarted_count=0
 full_count=0

Compilation events (20 events):
Event: 2.861 Thread 0x000002be7ae13800 2158       3       jdk.internal.loader.ClassLoaders::platformClassLoader (4 bytes)
Event: 2.861 Thread 0x000002be7ae13800 nmethod 2158 0x000002be009fde10 code [0x000002be009fdfc0, 0x000002be009fe0b8]
Event: 2.868 Thread 0x000002be7ae13800 2159       3       java.util.concurrent.locks.ReentrantLock$NonfairSync::tryAcquire (6 bytes)
Event: 2.868 Thread 0x000002be7ae13800 nmethod 2159 0x000002be009fe110 code [0x000002be009fe2c0, 0x000002be009fe3e8]
Event: 2.868 Thread 0x000002be7ae13800 2160       3       jdk.internal.org.objectweb.asm.MethodVisitor::visitVarInsn (17 bytes)
Event: 2.869 Thread 0x000002be7ae13800 nmethod 2160 0x000002be009fe490 code [0x000002be009fe640, 0x000002be009fe828]
Event: 2.877 Thread 0x000002be7ae13800 2162       3       com.google.common.base.CharMatcher$IsEither::matches (22 bytes)
Event: 2.878 Thread 0x000002be7ae13800 nmethod 2162 0x000002be009fe910 code [0x000002be009feac0, 0x000002be009fec58]
Event: 2.879 Thread 0x000002be7ae13800 2163       3       java.util.Collections$UnmodifiableCollection::size (10 bytes)
Event: 2.879 Thread 0x000002be7ae13800 nmethod 2163 0x000002be009fed10 code [0x000002be009feec0, 0x000002be009ff088]
Event: 2.879 Thread 0x000002be7ae13800 2164       3       java.util.Collections$UnmodifiableList::get (11 bytes)
Event: 2.879 Thread 0x000002be7ae13800 nmethod 2164 0x000002be009ff190 code [0x000002be009ff340, 0x000002be009ff508]
Event: 2.879 Thread 0x000002be7ae13800 2166       3       org.gradle.api.internal.file.pattern.PatternMatcherFactory::compile (117 bytes)
Event: 2.879 Thread 0x000002be7ae13800 nmethod 2166 0x000002be009ff610 code [0x000002be009ff8c0, 0x000002be00a00558]
Event: 2.879 Thread 0x000002be7ae13800 2165       1       org.gradle.api.internal.file.pattern.EndOfPathMatcher::getMaxSegments (2 bytes)
Event: 2.879 Thread 0x000002be7ae13800 nmethod 2165 0x000002be07bdf110 code [0x000002be07bdf2c0, 0x000002be07bdf378]
Event: 2.882 Thread 0x000002be7ae13800 2167       3       jdk.internal.reflect.NativeMethodAccessorImpl::invoke (104 bytes)
Event: 2.884 Thread 0x000002be7ae13800 nmethod 2167 0x000002be00a00910 code [0x000002be00a00bc0, 0x000002be00a01a98]
Event: 2.885 Thread 0x000002be7ae13800 2169       3       java.util.concurrent.locks.ReentrantLock::<init> (16 bytes)
Event: 2.885 Thread 0x000002be7ae13800 nmethod 2169 0x000002be00a01f90 code [0x000002be00a02180, 0x000002be00a02578]

GC Heap History (8 events):
Event: 0.587 GC heap before
{Heap before GC invocations=0 (full 0):
 garbage-first heap   total 131072K, used 27648K [0x0000000080000000, 0x0000000100000000)
  region size 1024K, 22 young (22528K), 0 survivors (0K)
 Metaspace       used 9566K, capacity 9789K, committed 10112K, reserved 1058816K
  class space    used 966K, capacity 1036K, committed 1152K, reserved 1048576K
}
Event: 0.592 GC heap after
{Heap after GC invocations=1 (full 0):
 garbage-first heap   total 131072K, used 9177K [0x0000000080000000, 0x0000000100000000)
  region size 1024K, 3 young (3072K), 3 survivors (3072K)
 Metaspace       used 9566K, capacity 9789K, committed 10112K, reserved 1058816K
  class space    used 966K, capacity 1036K, committed 1152K, reserved 1048576K
}
Event: 1.052 GC heap before
{Heap before GC invocations=1 (full 0):
 garbage-first heap   total 131072K, used 54233K [0x0000000080000000, 0x0000000100000000)
  region size 1024K, 47 young (48128K), 3 survivors (3072K)
 Metaspace       used 10967K, capacity 11317K, committed 11520K, reserved 1058816K
  class space    used 1130K, capacity 1247K, committed 1280K, reserved 1048576K
}
Event: 1.058 GC heap after
{Heap after GC invocations=2 (full 0):
 garbage-first heap   total 131072K, used 14428K [0x0000000080000000, 0x0000000100000000)
  region size 1024K, 6 young (6144K), 6 survivors (6144K)
 Metaspace       used 10967K, capacity 11317K, committed 11520K, reserved 1058816K
  class space    used 1130K, capacity 1247K, committed 1280K, reserved 1048576K
}
Event: 2.162 GC heap before
{Heap before GC invocations=2 (full 0):
 garbage-first heap   total 131072K, used 62556K [0x0000000080000000, 0x0000000100000000)
  region size 1024K, 53 young (54272K), 6 survivors (6144K)
 Metaspace       used 19388K, capacity 19811K, committed 19968K, reserved 1067008K
  class space    used 2339K, capacity 2504K, committed 2560K, reserved 1048576K
}
Event: 2.190 GC heap after
{Heap after GC invocations=3 (full 0):
 garbage-first heap   total 131072K, used 17099K [0x0000000080000000, 0x0000000100000000)
  region size 1024K, 6 young (6144K), 6 survivors (6144K)
 Metaspace       used 19388K, capacity 19811K, committed 19968K, reserved 1067008K
  class space    used 2339K, capacity 2504K, committed 2560K, reserved 1048576K
}
Event: 2.349 GC heap before
{Heap before GC invocations=3 (full 0):
 garbage-first heap   total 131072K, used 30411K [0x0000000080000000, 0x0000000100000000)
  region size 1024K, 20 young (20480K), 6 survivors (6144K)
 Metaspace       used 20801K, capacity 21185K, committed 21296K, reserved 1069056K
  class space    used 2527K, capacity 2688K, committed 2688K, reserved 1048576K
}
Event: 2.355 GC heap after
{Heap after GC invocations=4 (full 0):
 garbage-first heap   total 131072K, used 17651K [0x0000000080000000, 0x0000000100000000)
  region size 1024K, 4 young (4096K), 4 survivors (4096K)
 Metaspace       used 20801K, capacity 21185K, committed 21296K, reserved 1069056K
  class space    used 2527K, capacity 2688K, committed 2688K, reserved 1048576K
}

Deoptimization events (20 events):
Event: 2.319 Thread 0x000002be7d9a3800 Uncommon trap: trap_request=0xffffff4d fr.pc=0x000002be07b3867c relative=0x00000000000005bc
Event: 2.319 Thread 0x000002be7d9a3800 Uncommon trap: reason=unstable_if action=reinterpret pc=0x000002be07b3867c method=java.io.File.getName()Ljava/lang/String; @ 16 c2
Event: 2.319 Thread 0x000002be7d9a3800 DEOPT PACKING pc=0x000002be07b3867c sp=0x000000cb0cffb590
Event: 2.319 Thread 0x000002be7d9a3800 DEOPT UNPACKING pc=0x000002be0004a1af sp=0x000000cb0cffb560 mode 2
Event: 2.319 Thread 0x000002be7d9a3800 Uncommon trap: trap_request=0xffffff4d fr.pc=0x000002be07b33d2c relative=0x000000000000046c
Event: 2.319 Thread 0x000002be7d9a3800 Uncommon trap: reason=unstable_if action=reinterpret pc=0x000002be07b33d2c method=java.lang.String.substring(I)Ljava/lang/String; @ 34 c2
Event: 2.319 Thread 0x000002be7d9a3800 DEOPT PACKING pc=0x000002be07b33d2c sp=0x000000cb0cffb510
Event: 2.319 Thread 0x000002be7d9a3800 DEOPT UNPACKING pc=0x000002be0004a1af sp=0x000000cb0cffb4e8 mode 2
Event: 2.439 Thread 0x000002be7d9a3800 Uncommon trap: trap_request=0xffffff4d fr.pc=0x000002be07ba6f18 relative=0x0000000000000398
Event: 2.439 Thread 0x000002be7d9a3800 Uncommon trap: reason=unstable_if action=reinterpret pc=0x000002be07ba6f18 method=jdk.internal.org.objectweb.asm.Type.getArgumentsAndReturnSizes(Ljava/lang/String;)I @ 88 c2
Event: 2.439 Thread 0x000002be7d9a3800 DEOPT PACKING pc=0x000002be07ba6f18 sp=0x000000cb0cff9ae0
Event: 2.439 Thread 0x000002be7d9a3800 DEOPT UNPACKING pc=0x000002be0004a1af sp=0x000000cb0cff9a68 mode 2
Event: 2.875 Thread 0x000002be7d9a3800 Uncommon trap: trap_request=0xffffff7e fr.pc=0x000002be07bdbf9c relative=0x000000000000015c
Event: 2.875 Thread 0x000002be7d9a3800 Uncommon trap: reason=predicate action=maybe_recompile pc=0x000002be07bdbf9c method=com.google.common.base.CharMatcher.indexIn(Ljava/lang/CharSequence;I)I @ 19 c2
Event: 2.875 Thread 0x000002be7d9a3800 DEOPT PACKING pc=0x000002be07bdbf9c sp=0x000000cb0cffb940
Event: 2.875 Thread 0x000002be7d9a3800 DEOPT UNPACKING pc=0x000002be0004a1af sp=0x000000cb0cffb8d0 mode 2
Event: 2.889 Thread 0x000002be7d9a3800 Uncommon trap: trap_request=0xffffff4d fr.pc=0x000002be07bad96c relative=0x00000000000017cc
Event: 2.889 Thread 0x000002be7d9a3800 Uncommon trap: reason=unstable_if action=reinterpret pc=0x000002be07bad96c method=java.util.concurrent.ConcurrentHashMap.putVal(Ljava/lang/Object;Ljava/lang/Object;Z)Ljava/lang/Object; @ 231 c2
Event: 2.889 Thread 0x000002be7d9a3800 DEOPT PACKING pc=0x000002be07bad96c sp=0x000000cb0cffcba0
Event: 2.889 Thread 0x000002be7d9a3800 DEOPT UNPACKING pc=0x000002be0004a1af sp=0x000000cb0cffcb20 mode 2

Classes redefined (0 events):
No events

Internal exceptions (20 events):
Event: 1.559 Thread 0x000002be6ddbc000 Exception <a 'java/lang/NoSuchMethodError'{0x0000000086d13148}: 'java.lang.Object java.lang.invoke.DirectMethodHandle$Holder.invokeStaticInit(java.lang.Object, java.lang.Object, int, int, int, int)'> (0x0000000086d13148) thrown at [./src/hotspot/share/interpreter/linkResolver.cpp, line 773]
Event: 1.854 Thread 0x000002be6ddbc000 Exception <a 'java/io/IOException'{0x0000000086cf06e8}> (0x0000000086cf06e8) thrown at [./src/hotspot/share/prims/jni.cpp, line 616]
Event: 1.980 Thread 0x000002be7d9a3800 Exception <a 'java/lang/NoSuchMethodError'{0x00000000865d7b78}: 'long java.lang.invoke.DirectMethodHandle$Holder.invokeInterface(java.lang.Object, java.lang.Object)'> (0x00000000865d7b78) thrown at [./src/hotspot/share/interpreter/linkResolver.cpp, line 773]
Event: 1.981 Thread 0x000002be7d9a3800 Exception <a 'java/lang/NoSuchMethodError'{0x00000000865e4c18}: 'void java.lang.invoke.DelegatingMethodHandle$Holder.reinvoke_L(java.lang.Object, java.lang.Object, java.lang.Object, java.lang.Object, java.lang.Object, java.lang.Object, java.lang.Object)'> (0x00000000865e4c18) thrown at [./src/hotspot/share/interpreter/linkResolver.cpp, line 773]
Event: 2.243 Thread 0x000002be7d9a3800 Exception <a 'java/lang/NoSuchMethodError'{0x00000000879a78a0}: 'void java.lang.invoke.DirectMethodHandle$Holder.invokeStaticInit(java.lang.Object)'> (0x00000000879a78a0) thrown at [./src/hotspot/share/interpreter/linkResolver.cpp, line 773]
Event: 2.256 Thread 0x000002be7d9a3800 Exception <a 'java/lang/NoSuchMethodError'{0x0000000087853c20}: 'java.lang.Object java.lang.invoke.DirectMethodHandle$Holder.invokeStatic(java.lang.Object, java.lang.Object, java.lang.Object, int)'> (0x0000000087853c20) thrown at [./src/hotspot/share/interpreter/linkResolver.cpp, line 773]
Event: 2.258 Thread 0x000002be7d9a3800 Exception <a 'java/lang/NoSuchMethodError'{0x0000000087858338}: 'java.lang.Object java.lang.invoke.DirectMethodHandle$Holder.invokeSpecial(java.lang.Object, java.lang.Object, java.lang.Object, java.lang.Object, int)'> (0x0000000087858338) thrown at [./src/hotspot/share/interpreter/linkResolver.cpp, line 773]
Event: 2.258 Thread 0x000002be7d9a3800 Exception <a 'java/lang/NoSuchMethodError'{0x000000008785c270}: 'java.lang.Object java.lang.invoke.Invokers$Holder.linkToTargetMethod(java.lang.Object, java.lang.Object, int, java.lang.Object)'> (0x000000008785c270) thrown at [./src/hotspot/share/interpreter/linkResolver.cpp, line 773]
Event: 2.376 Thread 0x000002be7d9a3800 Exception <a 'java/lang/NoSuchMethodError'{0x0000000087fe3d48}: 'int java.lang.invoke.DirectMethodHandle$Holder.invokeSpecialIFC(java.lang.Object, java.lang.Object, java.lang.Object, java.lang.Object)'> (0x0000000087fe3d48) thrown at [./src/hotspot/share/interpreter/linkResolver.cpp, line 773]
Event: 2.379 Thread 0x000002be7d9a3800 Exception <a 'java/lang/NoSuchMethodError'{0x0000000087ff1d00}: 'java.lang.Object java.lang.invoke.DirectMethodHandle$Holder.invokeInterface(java.lang.Object, java.lang.Object, java.lang.Object)'> (0x0000000087ff1d00) thrown at [./src/hotspot/share/interpreter/linkResolver.cpp, line 773]
Event: 2.380 Thread 0x000002be7d9a3800 Exception <a 'java/lang/IncompatibleClassChangeError'{0x0000000087ff51d8}: Found class java.lang.Object, but interface was expected> (0x0000000087ff51d8) thrown at [./src/hotspot/share/interpreter/linkResolver.cpp, line 839]
Event: 2.482 Thread 0x000002be7d9a3800 Exception <a 'java/lang/NoSuchMethodError'{0x000000008777df48}: 'void java.lang.invoke.DirectMethodHandle$Holder.invokeSpecial(java.lang.Object, java.lang.Object, java.lang.Object, java.lang.Object, java.lang.Object)'> (0x000000008777df48) thrown at [./src/hotspot/share/interpreter/linkResolver.cpp, line 773]
Event: 2.504 Thread 0x000002be7d9a3800 Exception <a 'java/lang/NoSuchMethodError'{0x00000000875a0b78}: 'java.lang.Object java.lang.invoke.DirectMethodHandle$Holder.invokeSpecial(java.lang.Object, java.lang.Object, java.lang.Object, java.lang.Object, java.lang.Object, java.lang.Object, java.lang.Object, java.lang.Object, java.lang.Object)'> (0x00000000875a0b78) thrown at [./src/hotspot/share/interpreter/linkResolver.cpp, line 773]
Event: 2.567 Thread 0x000002be7d9a3800 Exception <a 'java/lang/NoSuchMethodError'{0x0000000086778a18}: 'java.lang.Object java.lang.invoke.DirectMethodHandle$Holder.invokeVirtual(java.lang.Object, java.lang.Object, java.lang.Object, java.lang.Object)'> (0x0000000086778a18) thrown at [./src/hotspot/share/interpreter/linkResolver.cpp, line 773]
Event: 2.641 Thread 0x000002be7d9a3800 Exception <a 'java/lang/NoSuchMethodError'{0x00000000861c7908}: 'void java.lang.invoke.DirectMethodHandle$Holder.invokeSpecial(java.lang.Object, java.lang.Object, java.lang.Object, java.lang.Object, java.lang.Object, java.lang.Object)'> (0x00000000861c7908) thrown at [./src/hotspot/share/interpreter/linkResolver.cpp, line 773]
Event: 2.649 Thread 0x000002be7d9a3800 Exception <a 'java/lang/NoSuchMethodError'{0x0000000086037270}: 'void java.lang.invoke.DirectMethodHandle$Holder.invokeSpecial(java.lang.Object, java.lang.Object, java.lang.Object, java.lang.Object, java.lang.Object, java.lang.Object, java.lang.Object)'> (0x0000000086037270) thrown at [./src/hotspot/share/interpreter/linkResolver.cpp, line 773]
Event: 2.650 Thread 0x000002be7d9a3800 Exception <a 'java/lang/NoSuchMethodError'{0x000000008603f760}: 'java.lang.Object java.lang.invoke.Invokers$Holder.linkToTargetMethod(java.lang.Object, java.lang.Object, java.lang.Object, java.lang.Object, java.lang.Object, java.lang.Object)'> (0x000000008603f760) thrown at [./src/hotspot/share/interpreter/linkResolver.cpp, line 773]
Event: 2.672 Thread 0x000002be7d9a3800 Exception <a 'java/lang/NoSuchMethodError'{0x0000000085e08390}: 'java.lang.Object java.lang.invoke.DirectMethodHandle$Holder.invokeVirtual(java.lang.Object, java.lang.Object, java.lang.Object, java.lang.Object, java.lang.Object, java.lang.Object, java.lang.Object, java.lang.Object, java.lang.Object, java.lang.Object, java.lang.Object, java.lang.Object, java.lang.Object, java.lang.Object, java.lang.Object, java.lang.Object, java.lang.Object, java.lang.Object, java.lang.Object, java.lang.Object, java.lang.Ob
Event: 2.729 Thread 0x000002be7d9a3800 Exception <a 'java/lang/NoSuchMethodError'{0x00000000856095b8}: 'int java.lang.invoke.DirectMethodHandle$Holder.invokeStaticInit(java.lang.Object, java.lang.Object, java.lang.Object)'> (0x00000000856095b8) thrown at [./src/hotspot/share/interpreter/linkResolver.cpp, line 773]
Event: 2.816 Thread 0x000002be7d9a3800 Exception <a 'java/lang/NoSuchMethodError'{0x0000000085296900}: 'void java.lang.invoke.DirectMethodHandle$Holder.invokeStaticInit(java.lang.Object, java.lang.Object)'> (0x0000000085296900) thrown at [./src/hotspot/share/interpreter/linkResolver.cpp, line 773]

Events (20 events):
Event: 2.889 loading class org/gradle/internal/watch/vfs/BuildStartedFileSystemWatchingBuildOperationType$Details$1 done
Event: 2.889 loading class net/rubygrapefruit/platform/internal/FileSystemList
Event: 2.889 loading class net/rubygrapefruit/platform/internal/FileSystemList done
Event: 2.889 loading class net/rubygrapefruit/platform/file/CaseSensitivity
Event: 2.889 loading class net/rubygrapefruit/platform/file/CaseSensitivity done
Event: 2.889 loading class net/rubygrapefruit/platform/internal/jni/PosixFileSystemFunctions
Event: 2.889 loading class net/rubygrapefruit/platform/internal/jni/PosixFileSystemFunctions done
Event: 2.890 loading class net/rubygrapefruit/platform/internal/DefaultFileSystemInfo
Event: 2.890 loading class net/rubygrapefruit/platform/internal/DefaultFileSystemInfo done
Event: 2.890 loading class net/rubygrapefruit/platform/file/FileSystemInfo
Event: 2.890 loading class net/rubygrapefruit/platform/file/FileSystemInfo done
Event: 2.891 loading class net/rubygrapefruit/platform/internal/FileSystemList$DefaultCaseSensitivity
Event: 2.891 loading class net/rubygrapefruit/platform/internal/FileSystemList$DefaultCaseSensitivity done
Event: 2.891 loading class net/rubygrapefruit/platform/file/FileSystemInfo
Event: 2.891 loading class net/rubygrapefruit/platform/file/FileSystemInfo done
Event: 2.891 loading class net/rubygrapefruit/platform/file/FileSystemInfo
Event: 2.891 loading class net/rubygrapefruit/platform/file/FileSystemInfo done
Event: 2.892 loading class net/rubygrapefruit/platform/file/FileSystemInfo
Event: 2.892 loading class net/rubygrapefruit/platform/file/FileSystemInfo done
Event: 2.892 loading class java/util/stream/ForEachOps


Dynamic libraries:
0x00007ff680330000 - 0x00007ff68033a000 	C:\Program Files\Android\Android Studio\jre\bin\java.exe
0x00007fffd7ed0000 - 0x00007fffd80c5000 	C:\Windows\SYSTEM32\ntdll.dll
0x00007fffd7d30000 - 0x00007fffd7ded000 	C:\Windows\System32\KERNEL32.DLL
0x00007fffd58d0000 - 0x00007fffd5b9d000 	C:\Windows\System32\KERNELBASE.dll
0x00007fffd5ba0000 - 0x00007fffd5ca0000 	C:\Windows\System32\ucrtbase.dll
0x00007fffbdca0000 - 0x00007fffbdcb9000 	C:\Program Files\Android\Android Studio\jre\bin\jli.dll
0x00007fffbd720000 - 0x00007fffbd737000 	C:\Program Files\Android\Android Studio\jre\bin\VCRUNTIME140.dll
0x00007fffd7000000 - 0x00007fffd71a0000 	C:\Windows\System32\USER32.dll
0x00007fffbfca0000 - 0x00007fffbff3a000 	C:\Windows\WinSxS\amd64_microsoft.windows.common-controls_6595b64144ccf1df_6.0.19041.1110_none_60b5254171f9507e\COMCTL32.dll
0x00007fffd5ef0000 - 0x00007fffd5f12000 	C:\Windows\System32\win32u.dll
0x00007fffd7df0000 - 0x00007fffd7e8e000 	C:\Windows\System32\msvcrt.dll
0x00007fffd7c30000 - 0x00007fffd7c5a000 	C:\Windows\System32\GDI32.dll
0x00007fffd5de0000 - 0x00007fffd5eeb000 	C:\Windows\System32\gdi32full.dll
0x00007fffd57e0000 - 0x00007fffd587d000 	C:\Windows\System32\msvcp_win.dll
0x00007fffd6fd0000 - 0x00007fffd7000000 	C:\Windows\System32\IMM32.DLL
0x00007fffae760000 - 0x00007fffae7fd000 	C:\Program Files\Android\Android Studio\jre\bin\msvcp140.dll
0x00007fff8a440000 - 0x00007fff8af42000 	C:\Program Files\Android\Android Studio\jre\bin\server\jvm.dll
0x00007fffd7500000 - 0x00007fffd75ae000 	C:\Windows\System32\ADVAPI32.dll
0x00007fffd72d0000 - 0x00007fffd736c000 	C:\Windows\System32\sechost.dll
0x00007fffd6e90000 - 0x00007fffd6fb5000 	C:\Windows\System32\RPCRT4.dll
0x00007fffd7b50000 - 0x00007fffd7b58000 	C:\Windows\System32\PSAPI.DLL
0x00007fffc9bc0000 - 0x00007fffc9bc9000 	C:\Windows\SYSTEM32\WSOCK32.dll
0x00007fffcab70000 - 0x00007fffcab97000 	C:\Windows\SYSTEM32\WINMM.dll
0x00007fffd7c60000 - 0x00007fffd7ccb000 	C:\Windows\System32\WS2_32.dll
0x00007fffcf4b0000 - 0x00007fffcf4ba000 	C:\Windows\SYSTEM32\VERSION.dll
0x00007fffd3500000 - 0x00007fffd3512000 	C:\Windows\SYSTEM32\kernel.appcore.dll
0x00007fff8a420000 - 0x00007fff8a431000 	C:\Program Files\Android\Android Studio\jre\bin\verify.dll
0x00007fffc9e10000 - 0x00007fffc9ff4000 	C:\Windows\SYSTEM32\DBGHELP.DLL
0x00007fffc9bd0000 - 0x00007fffc9bfc000 	C:\Windows\SYSTEM32\dbgcore.DLL
0x00007fffd5d50000 - 0x00007fffd5dd2000 	C:\Windows\System32\bcryptPrimitives.dll
0x00007fff8a3f0000 - 0x00007fff8a419000 	C:\Program Files\Android\Android Studio\jre\bin\java.dll
0x00007fffba730000 - 0x00007fffba73b000 	C:\Program Files\Android\Android Studio\jre\bin\jimage.dll
0x00007fff8a3d0000 - 0x00007fff8a3e8000 	C:\Program Files\Android\Android Studio\jre\bin\zip.dll
0x00007fffd6650000 - 0x00007fffd6d94000 	C:\Windows\System32\SHELL32.dll
0x00007fffd3700000 - 0x00007fffd3e94000 	C:\Windows\SYSTEM32\windows.storage.dll
0x00007fffd5f20000 - 0x00007fffd6274000 	C:\Windows\System32\combase.dll
0x00007fffd5040000 - 0x00007fffd506c000 	C:\Windows\SYSTEM32\Wldp.dll
0x00007fffd7370000 - 0x00007fffd741d000 	C:\Windows\System32\SHCORE.dll
0x00007fffd7480000 - 0x00007fffd74d5000 	C:\Windows\System32\shlwapi.dll
0x00007fffd5520000 - 0x00007fffd553f000 	C:\Windows\SYSTEM32\profapi.dll
0x00007fff8a3b0000 - 0x00007fff8a3ca000 	C:\Program Files\Android\Android Studio\jre\bin\net.dll
0x00007fffccdd0000 - 0x00007fffcceda000 	C:\Windows\SYSTEM32\WINHTTP.dll
0x00007fffd4da0000 - 0x00007fffd4e0a000 	C:\Windows\system32\mswsock.dll
0x00007fff8a390000 - 0x00007fff8a3a4000 	C:\Program Files\Android\Android Studio\jre\bin\nio.dll
0x00007fffcaa00000 - 0x00007fffcaa27000 	C:\Users\user\.gradle\native\e1d6ef7f7dcc3fd88c89a11ec53ec762bb8ba0a96d01ffa2cd45eb1d1d8dd5c5\windows-amd64\native-platform.dll
0x00007fffae610000 - 0x00007fffae754000 	C:\Users\user\.gradle\native\0d407fdbe67a94daf76414ababcb853783967236a71b16ec16e742cd7a986fd3\windows-amd64\native-platform-file-events.dll
0x00007fff8a380000 - 0x00007fff8a38a000 	C:\Program Files\Android\Android Studio\jre\bin\management.dll
0x00007fff8a370000 - 0x00007fff8a37d000 	C:\Program Files\Android\Android Studio\jre\bin\management_ext.dll
0x00007fffd4f90000 - 0x00007fffd4fa8000 	C:\Windows\SYSTEM32\CRYPTSP.dll
0x00007fffd46b0000 - 0x00007fffd46e4000 	C:\Windows\system32\rsaenh.dll
0x00007fffd57b0000 - 0x00007fffd57d7000 	C:\Windows\System32\bcrypt.dll
0x00007fffd54a0000 - 0x00007fffd54ce000 	C:\Windows\SYSTEM32\USERENV.dll
0x00007fffd4fb0000 - 0x00007fffd4fbc000 	C:\Windows\SYSTEM32\CRYPTBASE.dll
0x00007fffd4a40000 - 0x00007fffd4a7b000 	C:\Windows\SYSTEM32\IPHLPAPI.DLL
0x00007fffd6fc0000 - 0x00007fffd6fc8000 	C:\Windows\System32\NSI.dll
0x00007fffd0020000 - 0x00007fffd0037000 	C:\Windows\SYSTEM32\dhcpcsvc6.DLL
0x00007fffcfd20000 - 0x00007fffcfd3d000 	C:\Windows\SYSTEM32\dhcpcsvc.DLL
0x00007fffd4a80000 - 0x00007fffd4b4b000 	C:\Windows\SYSTEM32\DNSAPI.dll

dbghelp: loaded successfully - version: 4.0.5 - missing functions: none
symbol engine: initialized successfully - sym options: 0x614 - pdb path: .;C:\Program Files\Android\Android Studio\jre\bin;C:\Windows\SYSTEM32;C:\Windows\WinSxS\amd64_microsoft.windows.common-controls_6595b64144ccf1df_6.0.19041.1110_none_60b5254171f9507e;C:\Program Files\Android\Android Studio\jre\bin\server;C:\Users\user\.gradle\native\e1d6ef7f7dcc3fd88c89a11ec53ec762bb8ba0a96d01ffa2cd45eb1d1d8dd5c5\windows-amd64;C:\Users\user\.gradle\native\0d407fdbe67a94daf76414ababcb853783967236a71b16ec16e742cd7a986fd3\windows-amd64

VM Arguments:
jvm_args: --add-opens=java.base/java.util=ALL-UNNAMED --add-opens=java.base/java.lang=ALL-UNNAMED --add-opens=java.base/java.lang.invoke=ALL-UNNAMED --add-opens=java.base/java.util=ALL-UNNAMED --add-opens=java.prefs/java.util.prefs=ALL-UNNAMED --add-opens=java.prefs/java.util.prefs=ALL-UNNAMED --add-opens=java.base/java.nio.charset=ALL-UNNAMED --add-opens=java.base/java.net=ALL-UNNAMED --add-opens=java.base/java.util.concurrent.atomic=ALL-UNNAMED -Xmx2048m -Dfile.encoding=UTF-8 -Duser.country=US -Duser.language=en -Duser.variant 
java_command: org.gradle.launcher.daemon.bootstrap.GradleDaemon 7.4
java_class_path (initial): C:\Users\user\.gradle\wrapper\dists\gradle-7.4-bin\c0gwcg53nkjbqw7r0h0umtfvt\gradle-7.4\lib\gradle-launcher-7.4.jar
Launcher Type: SUN_STANDARD

[Global flags]
     intx CICompilerCount                          = 3                                         {product} {ergonomic}
     uint ConcGCThreads                            = 2                                         {product} {ergonomic}
     uint G1ConcRefinementThreads                  = 6                                         {product} {ergonomic}
   size_t G1HeapRegionSize                         = 1048576                                   {product} {ergonomic}
    uintx GCDrainStackTargetSize                   = 64                                        {product} {ergonomic}
   size_t InitialHeapSize                          = 134217728                                 {product} {ergonomic}
   size_t MarkStackSize                            = 4194304                                   {product} {ergonomic}
   size_t MaxHeapSize                              = 2147483648                                {product} {command line}
   size_t MaxNewSize                               = 1287651328                                {product} {ergonomic}
   size_t MinHeapDeltaBytes                        = 1048576                                   {product} {ergonomic}
    uintx NonNMethodCodeHeapSize                   = 5830732                                {pd product} {ergonomic}
    uintx NonProfiledCodeHeapSize                  = 122913754                              {pd product} {ergonomic}
    uintx ProfiledCodeHeapSize                     = 122913754                              {pd product} {ergonomic}
    uintx ReservedCodeCacheSize                    = 251658240                              {pd product} {ergonomic}
     bool SegmentedCodeCache                       = true                                      {product} {ergonomic}
     bool UseCompressedClassPointers               = true                                 {lp64_product} {ergonomic}
     bool UseCompressedOops                        = true                                 {lp64_product} {ergonomic}
     bool UseG1GC                                  = true                                      {product} {ergonomic}
     bool UseLargePagesIndividualAllocation        = false                                  {pd product} {ergonomic}

Logging:
Log output configuration:
 #0: stdout all=warning uptime,level,tags
 #1: stderr all=off uptime,level,tags

Environment Variables:
JAVA_HOME=C:\Program Files\Java\jdk-18.0.2.1
PATH=C:\Program Files\Common Files\Oracle\Java\javapath;C:\Windows\system32;C:\Windows;C:\Windows\System32\Wbem;C:\Windows\System32\WindowsPowerShell\v1.0\;C:\Windows\System32\OpenSSH\;C:\xampp\php;C:\composer;C:\Program Files\nodejs\;C:\Program Files\Git\cmd;C:\ProgramData\ComposerSetup\bin;C:\src\flutter\bin;C:\Users\user\AppData\Local\Programs\Microsoft VS Code\bin;C:\Users\user\AppData\Local\Microsoft;
USERNAME=user
OS=Windows_NT
PROCESSOR_IDENTIFIER=Intel64 Family 6 Model 158 Stepping 10, GenuineIntel



---------------  S Y S T E M  ---------------

OS: Windows 10 , 64 bit Build 19041 (10.0.19041.1706)
OS uptime: 0 days 3:38 hours

CPU:total 6 (initial active 6) (6 cores per cpu, 1 threads per core) family 6 model 158 stepping 10 microcode 0xd6, cmov, cx8, fxsr, mmx, sse, sse2, sse3, ssse3, sse4.1, sse4.2, popcnt, avx, avx2, aes, clmul, erms, 3dnowpref, lzcnt, tsc, tscinvbit, bmi1, bmi2, adx, fma

Memory: 4k page, system-wide physical 8143M (430M free)
TotalPageFile size 10191M (AvailPageFile size 5M)
current process WorkingSet (physical memory assigned to process): 190M, peak: 190M
current process commit charge ("private bytes"): 279M, peak: 305M

vm_info: OpenJDK 64-Bit Server VM (11.0.13+0-b1751.21-8125866) for windows-amd64 JRE (11.0.13+0-b1751.21-8125866), built on Feb  2 2022 03:00:22 by "builder" with MS VC++ 14.0 (VS2015)

END.
