#
# There is insufficient memory for the Java Runtime Environment to continue.
# Native memory allocation (malloc) failed to allocate 1837616 bytes for Chunk::new
# Possible reasons:
#   The system is out of physical RAM or swap space
#   The process is running with CompressedOops enabled, and the Java Heap may be blocking the growth of the native heap
# Possible solutions:
#   Reduce memory load on the system
#   Increase physical memory or swap space
#   Check if swap backing store is full
#   Decrease Java heap size (-Xmx/-Xms)
#   Decrease number of Java threads
#   Decrease Java thread stack sizes (-Xss)
#   Set larger code cache with -XX:ReservedCodeCacheSize=
#   JVM is running with Unscaled Compressed Oops mode in which the Java heap is
#     placed in the first 4GB address space. The Java Heap base address is the
#     maximum limit for the native heap growth. Please use -XX:HeapBaseMinAddress
#     to set the Java Heap base and to place the Java Heap above 4GB virtual address.
# This output file may be truncated or incomplete.
#
#  Out of Memory Error (./src/hotspot/share/memory/arena.cpp:197), pid=7236, tid=2880
#
# JRE version: OpenJDK Runtime Environment (11.0.13) (build 11.0.13+0-b1751.21-8125866)
# Java VM: OpenJDK 64-Bit Server VM (11.0.13+0-b1751.21-8125866, mixed mode, tiered, compressed oops, g1 gc, windows-amd64)
# No core dump will be written. Minidumps are not enabled by default on client versions of Windows
#

---------------  S U M M A R Y ------------

Command Line: --add-opens=java.base/java.util=ALL-UNNAMED --add-opens=java.base/java.lang=ALL-UNNAMED --add-opens=java.base/java.lang.invoke=ALL-UNNAMED --add-opens=java.base/java.util=ALL-UNNAMED --add-opens=java.prefs/java.util.prefs=ALL-UNNAMED --add-opens=java.prefs/java.util.prefs=ALL-UNNAMED --add-opens=java.base/java.nio.charset=ALL-UNNAMED --add-opens=java.base/java.net=ALL-UNNAMED --add-opens=java.base/java.util.concurrent.atomic=ALL-UNNAMED -Xmx2048m -Dfile.encoding=UTF-8 -Duser.country=US -Duser.language=en -Duser.variant org.gradle.launcher.daemon.bootstrap.GradleDaemon 7.4

Host: Intel(R) Core(TM) i5-9400F CPU @ 2.90GHz, 6 cores, 7G,  Windows 10 , 64 bit Build 19041 (10.0.19041.1706)
Time: Mon Sep 26 21:02:43 2022 Myanmar Standard Time elapsed time: 2.863783 seconds (0d 0h 0m 2s)

---------------  T H R E A D  ---------------

Current thread (0x00000265c2ad7800):  JavaThread "C2 CompilerThread0" daemon [_thread_in_native, id=2880, stack(0x00000081aac00000,0x00000081aad00000)]


Current CompileTask:
C2:   2863 1946       4       java.net.URLClassLoader$1::run (5 bytes)

Stack: [0x00000081aac00000,0x00000081aad00000]
Native frames: (J=compiled Java code, j=interpreted, Vv=VM code, C=native code)
V  [jvm.dll+0x6100fa]
V  [jvm.dll+0x747090]
V  [jvm.dll+0x7486ad]
V  [jvm.dll+0x748d83]
V  [jvm.dll+0x24ab48]
V  [jvm.dll+0xc04dc]
V  [jvm.dll+0xc0a0c]
V  [jvm.dll+0x35eb9d]
V  [jvm.dll+0x32b833]
V  [jvm.dll+0x32ad2a]
V  [jvm.dll+0x2032b2]
V  [jvm.dll+0x202437]
V  [jvm.dll+0x188e01]
V  [jvm.dll+0x21106b]
V  [jvm.dll+0x20f8c1]
V  [jvm.dll+0x70de0f]
V  [jvm.dll+0x706a75]
V  [jvm.dll+0x60ed66]
C  [ucrtbase.dll+0x21bb2]
C  [KERNEL32.DLL+0x17034]
C  [ntdll.dll+0x52651]


---------------  P R O C E S S  ---------------

Threads class SMR info:
_java_thread_list=0x00000265c6da2440, length=24, elements={
0x00000265a82ab000, 0x00000265c2ab5800, 0x00000265c2ab9000, 0x00000265c3442800,
0x00000265c2ad4000, 0x00000265c2ad5800, 0x00000265c2ad7800, 0x00000265c2ade000,
0x00000265c2ae9800, 0x00000265c3589800, 0x00000265c4ea3800, 0x00000265c4f36800,
0x00000265c4ce3000, 0x00000265c4ab0000, 0x00000265c4930800, 0x00000265c4a38800,
0x00000265c6a77800, 0x00000265c4907000, 0x00000265c5b77800, 0x00000265c4aad000,
0x00000265c63a5000, 0x00000265c63a4800, 0x00000265c63a6000, 0x00000265c4f9d000
}

Java Threads: ( => current thread )
  0x00000265a82ab000 JavaThread "main" [_thread_blocked, id=9316, stack(0x00000081aa000000,0x00000081aa100000)]
  0x00000265c2ab5800 JavaThread "Reference Handler" daemon [_thread_blocked, id=9248, stack(0x00000081aa700000,0x00000081aa800000)]
  0x00000265c2ab9000 JavaThread "Finalizer" daemon [_thread_blocked, id=7404, stack(0x00000081aa800000,0x00000081aa900000)]
  0x00000265c3442800 JavaThread "Signal Dispatcher" daemon [_thread_blocked, id=5964, stack(0x00000081aa900000,0x00000081aaa00000)]
  0x00000265c2ad4000 JavaThread "Attach Listener" daemon [_thread_blocked, id=2628, stack(0x00000081aaa00000,0x00000081aab00000)]
  0x00000265c2ad5800 JavaThread "Service Thread" daemon [_thread_blocked, id=7672, stack(0x00000081aab00000,0x00000081aac00000)]
=>0x00000265c2ad7800 JavaThread "C2 CompilerThread0" daemon [_thread_in_native, id=2880, stack(0x00000081aac00000,0x00000081aad00000)]
  0x00000265c2ade000 JavaThread "C1 CompilerThread0" daemon [_thread_blocked, id=5636, stack(0x00000081aad00000,0x00000081aae00000)]
  0x00000265c2ae9800 JavaThread "Sweeper thread" daemon [_thread_blocked, id=8888, stack(0x00000081aae00000,0x00000081aaf00000)]
  0x00000265c3589800 JavaThread "Common-Cleaner" daemon [_thread_blocked, id=10704, stack(0x00000081aaf00000,0x00000081ab000000)]
  0x00000265c4ea3800 JavaThread "Daemon health stats" [_thread_blocked, id=10388, stack(0x00000081ab400000,0x00000081ab500000)]
  0x00000265c4f36800 JavaThread "Incoming local TCP Connector on port 51896" [_thread_in_native, id=5496, stack(0x00000081ab100000,0x00000081ab200000)]
  0x00000265c4ce3000 JavaThread "Daemon periodic checks" [_thread_blocked, id=1436, stack(0x00000081ab500000,0x00000081ab600000)]
  0x00000265c4ab0000 JavaThread "Daemon" [_thread_blocked, id=7192, stack(0x00000081ab600000,0x00000081ab700000)]
  0x00000265c4930800 JavaThread "Handler for socket connection from /127.0.0.1:51896 to /127.0.0.1:51897" [_thread_in_native, id=5456, stack(0x00000081ab700000,0x00000081ab800000)]
  0x00000265c4a38800 JavaThread "Cancel handler" [_thread_blocked, id=2812, stack(0x00000081ab800000,0x00000081ab900000)]
  0x00000265c6a77800 JavaThread "Daemon worker" [_thread_in_native, id=9296, stack(0x00000081ab900000,0x00000081aba00000)]
  0x00000265c4907000 JavaThread "Asynchronous log dispatcher for DefaultDaemonConnection: socket connection from /127.0.0.1:51896 to /127.0.0.1:51897" [_thread_blocked, id=7136, stack(0x00000081aba00000,0x00000081abb00000)]
  0x00000265c5b77800 JavaThread "Stdin handler" [_thread_blocked, id=4720, stack(0x00000081abb00000,0x00000081abc00000)]
  0x00000265c4aad000 JavaThread "Daemon client event forwarder" [_thread_blocked, id=3336, stack(0x00000081abc00000,0x00000081abd00000)]
  0x00000265c63a5000 JavaThread "Cache worker for journal cache (C:\Users\user\.gradle\caches\journal-1)" [_thread_blocked, id=6280, stack(0x00000081ac000000,0x00000081ac100000)]
  0x00000265c63a4800 JavaThread "File lock request listener" [_thread_in_native, id=7020, stack(0x00000081ac100000,0x00000081ac200000)]
  0x00000265c63a6000 JavaThread "Cache worker for file hash cache (C:\Users\user\.gradle\caches\7.4\fileHashes)" [_thread_blocked, id=10620, stack(0x00000081ac200000,0x00000081ac300000)]
  0x00000265c4f9d000 JavaThread "C2 CompilerThread1" daemon [_thread_blocked, id=5828, stack(0x00000081ac400000,0x00000081ac500000)]

Other Threads:
  0x00000265c2ab4000 VMThread "VM Thread" [stack: 0x00000081aa600000,0x00000081aa700000] [id=9068]
  0x00000265c35d4800 WatcherThread [stack: 0x00000081ab000000,0x00000081ab100000] [id=1092]
  0x00000265a82c4800 GCTaskThread "GC Thread#0" [stack: 0x00000081aa100000,0x00000081aa200000] [id=3724]
  0x00000265c3b9b800 GCTaskThread "GC Thread#1" [stack: 0x00000081ab200000,0x00000081ab300000] [id=9036]
  0x00000265c3ece800 GCTaskThread "GC Thread#2" [stack: 0x00000081ab300000,0x00000081ab400000] [id=5020]
  0x00000265c422d800 GCTaskThread "GC Thread#3" [stack: 0x00000081abd00000,0x00000081abe00000] [id=3984]
  0x00000265c4220800 GCTaskThread "GC Thread#4" [stack: 0x00000081abe00000,0x00000081abf00000] [id=8960]
  0x00000265c552a000 GCTaskThread "GC Thread#5" [stack: 0x00000081abf00000,0x00000081ac000000] [id=1152]
  0x00000265a82f6800 ConcurrentGCThread "G1 Main Marker" [stack: 0x00000081aa200000,0x00000081aa300000] [id=9044]
  0x00000265a82f7800 ConcurrentGCThread "G1 Conc#0" [stack: 0x00000081aa300000,0x00000081aa400000] [id=6844]
  0x00000265c4cc2800 ConcurrentGCThread "G1 Conc#1" [stack: 0x00000081ac300000,0x00000081ac400000] [id=6860]
  0x00000265c2910800 ConcurrentGCThread "G1 Refine#0" [stack: 0x00000081aa400000,0x00000081aa500000] [id=764]
  0x00000265c2911800 ConcurrentGCThread "G1 Young RemSet Sampling" [stack: 0x00000081aa500000,0x00000081aa600000] [id=7788]

Threads with active compile tasks:
C2 CompilerThread0   2905 1946       4       java.net.URLClassLoader$1::run (5 bytes)

VM state:not at safepoint (normal execution)

VM Mutex/Monitor currently owned by a thread: None

Heap address: 0x0000000080000000, size: 2048 MB, Compressed Oops mode: 32-bit
Narrow klass base: 0x0000000000000000, Narrow klass shift: 3
Compressed class space size: 1073741824 Address: 0x0000000100000000

Heap:
 garbage-first heap   total 131072K, used 47860K [0x0000000080000000, 0x0000000100000000)
  region size 1024K, 33 young (33792K), 2 survivors (2048K)
 Metaspace       used 23938K, capacity 24505K, committed 24752K, reserved 1071104K
  class space    used 3027K, capacity 3221K, committed 3328K, reserved 1048576K
Heap Regions: E=young(eden), S=young(survivor), O=old, HS=humongous(starts), HC=humongous(continues), CS=collection set, F=free, A=archive, TAMS=top-at-mark-start (previous, next)
|   0|0x0000000080000000, 0x0000000080100000, 0x0000000080100000|100%| O|  |TAMS 0x0000000080100000, 0x0000000080000000| Untracked 
|   1|0x0000000080100000, 0x0000000080200000, 0x0000000080200000|100%| O|  |TAMS 0x0000000080200000, 0x0000000080100000| Untracked 
|   2|0x0000000080200000, 0x0000000080300000, 0x0000000080300000|100%| O|  |TAMS 0x0000000080300000, 0x0000000080200000| Untracked 
|   3|0x0000000080300000, 0x0000000080400000, 0x0000000080400000|100%|HS|  |TAMS 0x0000000080400000, 0x0000000080300000| Complete 
|   4|0x0000000080400000, 0x0000000080500000, 0x0000000080500000|100%|HC|  |TAMS 0x0000000080500000, 0x0000000080400000| Complete 
|   5|0x0000000080500000, 0x0000000080600000, 0x0000000080600000|100%|HC|  |TAMS 0x0000000080600000, 0x0000000080500000| Complete 
|   6|0x0000000080600000, 0x0000000080700000, 0x0000000080700000|100%| O|  |TAMS 0x0000000080700000, 0x0000000080600000| Untracked 
|   7|0x0000000080700000, 0x0000000080800000, 0x0000000080800000|100%| O|  |TAMS 0x0000000080800000, 0x0000000080700000| Untracked 
|   8|0x0000000080800000, 0x0000000080900000, 0x0000000080900000|100%| O|  |TAMS 0x0000000080900000, 0x0000000080800000| Untracked 
|   9|0x0000000080900000, 0x0000000080a00000, 0x0000000080a00000|100%| O|  |TAMS 0x0000000080a00000, 0x0000000080900000| Untracked 
|  10|0x0000000080a00000, 0x0000000080b00000, 0x0000000080b00000|100%| O|  |TAMS 0x0000000080b00000, 0x0000000080a00000| Untracked 
|  11|0x0000000080b00000, 0x0000000080c00000, 0x0000000080c00000|100%| O|  |TAMS 0x0000000080c00000, 0x0000000080b00000| Untracked 
|  12|0x0000000080c00000, 0x0000000080d00000, 0x0000000080d00000|100%| O|  |TAMS 0x0000000080d00000, 0x0000000080c00000| Untracked 
|  13|0x0000000080d00000, 0x0000000080e00000, 0x0000000080e00000|100%| O|  |TAMS 0x0000000080e00000, 0x0000000080d00000| Untracked 
|  14|0x0000000080e00000, 0x0000000080f00000, 0x0000000080f00000|100%| O|  |TAMS 0x0000000080f00000, 0x0000000080e00000| Untracked 
|  15|0x0000000080f00000, 0x0000000080f59c00, 0x0000000081000000| 35%| O|  |TAMS 0x0000000080f59c00, 0x0000000080f00000| Untracked 
|  16|0x0000000081000000, 0x0000000081000000, 0x0000000081100000|  0%| F|  |TAMS 0x0000000081000000, 0x0000000081000000| Untracked 
|  17|0x0000000081100000, 0x0000000081100000, 0x0000000081200000|  0%| F|  |TAMS 0x0000000081100000, 0x0000000081100000| Untracked 
|  18|0x0000000081200000, 0x0000000081200000, 0x0000000081300000|  0%| F|  |TAMS 0x0000000081200000, 0x0000000081200000| Untracked 
|  19|0x0000000081300000, 0x0000000081300000, 0x0000000081400000|  0%| F|  |TAMS 0x0000000081300000, 0x0000000081300000| Untracked 
|  20|0x0000000081400000, 0x0000000081400000, 0x0000000081500000|  0%| F|  |TAMS 0x0000000081400000, 0x0000000081400000| Untracked 
|  21|0x0000000081500000, 0x0000000081500000, 0x0000000081600000|  0%| F|  |TAMS 0x0000000081500000, 0x0000000081500000| Untracked 
|  22|0x0000000081600000, 0x0000000081600000, 0x0000000081700000|  0%| F|  |TAMS 0x0000000081600000, 0x0000000081600000| Untracked 
|  23|0x0000000081700000, 0x0000000081700000, 0x0000000081800000|  0%| F|  |TAMS 0x0000000081700000, 0x0000000081700000| Untracked 
|  24|0x0000000081800000, 0x0000000081800000, 0x0000000081900000|  0%| F|  |TAMS 0x0000000081800000, 0x0000000081800000| Untracked 
|  25|0x0000000081900000, 0x0000000081900000, 0x0000000081a00000|  0%| F|  |TAMS 0x0000000081900000, 0x0000000081900000| Untracked 
|  26|0x0000000081a00000, 0x0000000081a00000, 0x0000000081b00000|  0%| F|  |TAMS 0x0000000081a00000, 0x0000000081a00000| Untracked 
|  27|0x0000000081b00000, 0x0000000081b00000, 0x0000000081c00000|  0%| F|  |TAMS 0x0000000081b00000, 0x0000000081b00000| Untracked 
|  28|0x0000000081c00000, 0x0000000081c00000, 0x0000000081d00000|  0%| F|  |TAMS 0x0000000081c00000, 0x0000000081c00000| Untracked 
|  29|0x0000000081d00000, 0x0000000081d00000, 0x0000000081e00000|  0%| F|  |TAMS 0x0000000081d00000, 0x0000000081d00000| Untracked 
|  30|0x0000000081e00000, 0x0000000081e00000, 0x0000000081f00000|  0%| F|  |TAMS 0x0000000081e00000, 0x0000000081e00000| Untracked 
|  31|0x0000000081f00000, 0x0000000081f00000, 0x0000000082000000|  0%| F|  |TAMS 0x0000000081f00000, 0x0000000081f00000| Untracked 
|  32|0x0000000082000000, 0x0000000082000000, 0x0000000082100000|  0%| F|  |TAMS 0x0000000082000000, 0x0000000082000000| Untracked 
|  33|0x0000000082100000, 0x0000000082100000, 0x0000000082200000|  0%| F|  |TAMS 0x0000000082100000, 0x0000000082100000| Untracked 
|  34|0x0000000082200000, 0x0000000082200000, 0x0000000082300000|  0%| F|  |TAMS 0x0000000082200000, 0x0000000082200000| Untracked 
|  35|0x0000000082300000, 0x0000000082300000, 0x0000000082400000|  0%| F|  |TAMS 0x0000000082300000, 0x0000000082300000| Untracked 
|  36|0x0000000082400000, 0x0000000082400000, 0x0000000082500000|  0%| F|  |TAMS 0x0000000082400000, 0x0000000082400000| Untracked 
|  37|0x0000000082500000, 0x0000000082500000, 0x0000000082600000|  0%| F|  |TAMS 0x0000000082500000, 0x0000000082500000| Untracked 
|  38|0x0000000082600000, 0x0000000082600000, 0x0000000082700000|  0%| F|  |TAMS 0x0000000082600000, 0x0000000082600000| Untracked 
|  39|0x0000000082700000, 0x0000000082700000, 0x0000000082800000|  0%| F|  |TAMS 0x0000000082700000, 0x0000000082700000| Untracked 
|  40|0x0000000082800000, 0x0000000082800000, 0x0000000082900000|  0%| F|  |TAMS 0x0000000082800000, 0x0000000082800000| Untracked 
|  41|0x0000000082900000, 0x0000000082900000, 0x0000000082a00000|  0%| F|  |TAMS 0x0000000082900000, 0x0000000082900000| Untracked 
|  42|0x0000000082a00000, 0x0000000082a00000, 0x0000000082b00000|  0%| F|  |TAMS 0x0000000082a00000, 0x0000000082a00000| Untracked 
|  43|0x0000000082b00000, 0x0000000082b00000, 0x0000000082c00000|  0%| F|  |TAMS 0x0000000082b00000, 0x0000000082b00000| Untracked 
|  44|0x0000000082c00000, 0x0000000082c00000, 0x0000000082d00000|  0%| F|  |TAMS 0x0000000082c00000, 0x0000000082c00000| Untracked 
|  45|0x0000000082d00000, 0x0000000082d00000, 0x0000000082e00000|  0%| F|  |TAMS 0x0000000082d00000, 0x0000000082d00000| Untracked 
|  46|0x0000000082e00000, 0x0000000082e00000, 0x0000000082f00000|  0%| F|  |TAMS 0x0000000082e00000, 0x0000000082e00000| Untracked 
|  47|0x0000000082f00000, 0x0000000082f00000, 0x0000000083000000|  0%| F|  |TAMS 0x0000000082f00000, 0x0000000082f00000| Untracked 
|  48|0x0000000083000000, 0x0000000083000000, 0x0000000083100000|  0%| F|  |TAMS 0x0000000083000000, 0x0000000083000000| Untracked 
|  49|0x0000000083100000, 0x0000000083100000, 0x0000000083200000|  0%| F|  |TAMS 0x0000000083100000, 0x0000000083100000| Untracked 
|  50|0x0000000083200000, 0x0000000083200000, 0x0000000083300000|  0%| F|  |TAMS 0x0000000083200000, 0x0000000083200000| Untracked 
|  51|0x0000000083300000, 0x0000000083300000, 0x0000000083400000|  0%| F|  |TAMS 0x0000000083300000, 0x0000000083300000| Untracked 
|  52|0x0000000083400000, 0x0000000083400000, 0x0000000083500000|  0%| F|  |TAMS 0x0000000083400000, 0x0000000083400000| Untracked 
|  53|0x0000000083500000, 0x0000000083500000, 0x0000000083600000|  0%| F|  |TAMS 0x0000000083500000, 0x0000000083500000| Untracked 
|  54|0x0000000083600000, 0x0000000083600000, 0x0000000083700000|  0%| F|  |TAMS 0x0000000083600000, 0x0000000083600000| Untracked 
|  55|0x0000000083700000, 0x0000000083700000, 0x0000000083800000|  0%| F|  |TAMS 0x0000000083700000, 0x0000000083700000| Untracked 
|  56|0x0000000083800000, 0x0000000083800000, 0x0000000083900000|  0%| F|  |TAMS 0x0000000083800000, 0x0000000083800000| Untracked 
|  57|0x0000000083900000, 0x0000000083900000, 0x0000000083a00000|  0%| F|  |TAMS 0x0000000083900000, 0x0000000083900000| Untracked 
|  58|0x0000000083a00000, 0x0000000083a00000, 0x0000000083b00000|  0%| F|  |TAMS 0x0000000083a00000, 0x0000000083a00000| Untracked 
|  59|0x0000000083b00000, 0x0000000083b00000, 0x0000000083c00000|  0%| F|  |TAMS 0x0000000083b00000, 0x0000000083b00000| Untracked 
|  60|0x0000000083c00000, 0x0000000083c00000, 0x0000000083d00000|  0%| F|  |TAMS 0x0000000083c00000, 0x0000000083c00000| Untracked 
|  61|0x0000000083d00000, 0x0000000083d00000, 0x0000000083e00000|  0%| F|  |TAMS 0x0000000083d00000, 0x0000000083d00000| Untracked 
|  62|0x0000000083e00000, 0x0000000083e00000, 0x0000000083f00000|  0%| F|  |TAMS 0x0000000083e00000, 0x0000000083e00000| Untracked 
|  63|0x0000000083f00000, 0x0000000083f00000, 0x0000000084000000|  0%| F|  |TAMS 0x0000000083f00000, 0x0000000083f00000| Untracked 
|  64|0x0000000084000000, 0x0000000084000000, 0x0000000084100000|  0%| F|  |TAMS 0x0000000084000000, 0x0000000084000000| Untracked 
|  65|0x0000000084100000, 0x0000000084100000, 0x0000000084200000|  0%| F|  |TAMS 0x0000000084100000, 0x0000000084100000| Untracked 
|  66|0x0000000084200000, 0x0000000084200000, 0x0000000084300000|  0%| F|  |TAMS 0x0000000084200000, 0x0000000084200000| Untracked 
|  67|0x0000000084300000, 0x0000000084300000, 0x0000000084400000|  0%| F|  |TAMS 0x0000000084300000, 0x0000000084300000| Untracked 
|  68|0x0000000084400000, 0x0000000084400000, 0x0000000084500000|  0%| F|  |TAMS 0x0000000084400000, 0x0000000084400000| Untracked 
|  69|0x0000000084500000, 0x0000000084500000, 0x0000000084600000|  0%| F|  |TAMS 0x0000000084500000, 0x0000000084500000| Untracked 
|  70|0x0000000084600000, 0x0000000084600000, 0x0000000084700000|  0%| F|  |TAMS 0x0000000084600000, 0x0000000084600000| Untracked 
|  71|0x0000000084700000, 0x0000000084700000, 0x0000000084800000|  0%| F|  |TAMS 0x0000000084700000, 0x0000000084700000| Untracked 
|  72|0x0000000084800000, 0x0000000084800000, 0x0000000084900000|  0%| F|  |TAMS 0x0000000084800000, 0x0000000084800000| Untracked 
|  73|0x0000000084900000, 0x0000000084900000, 0x0000000084a00000|  0%| F|  |TAMS 0x0000000084900000, 0x0000000084900000| Untracked 
|  74|0x0000000084a00000, 0x0000000084a00000, 0x0000000084b00000|  0%| F|  |TAMS 0x0000000084a00000, 0x0000000084a00000| Untracked 
|  75|0x0000000084b00000, 0x0000000084b00000, 0x0000000084c00000|  0%| F|  |TAMS 0x0000000084b00000, 0x0000000084b00000| Untracked 
|  76|0x0000000084c00000, 0x0000000084c00000, 0x0000000084d00000|  0%| F|  |TAMS 0x0000000084c00000, 0x0000000084c00000| Untracked 
|  77|0x0000000084d00000, 0x0000000084d00000, 0x0000000084e00000|  0%| F|  |TAMS 0x0000000084d00000, 0x0000000084d00000| Untracked 
|  78|0x0000000084e00000, 0x0000000084e00000, 0x0000000084f00000|  0%| F|  |TAMS 0x0000000084e00000, 0x0000000084e00000| Untracked 
|  79|0x0000000084f00000, 0x0000000084f00000, 0x0000000085000000|  0%| F|  |TAMS 0x0000000084f00000, 0x0000000084f00000| Untracked 
|  80|0x0000000085000000, 0x0000000085000000, 0x0000000085100000|  0%| F|  |TAMS 0x0000000085000000, 0x0000000085000000| Untracked 
|  81|0x0000000085100000, 0x0000000085100000, 0x0000000085200000|  0%| F|  |TAMS 0x0000000085100000, 0x0000000085100000| Untracked 
|  82|0x0000000085200000, 0x0000000085200000, 0x0000000085300000|  0%| F|  |TAMS 0x0000000085200000, 0x0000000085200000| Untracked 
|  83|0x0000000085300000, 0x0000000085300000, 0x0000000085400000|  0%| F|  |TAMS 0x0000000085300000, 0x0000000085300000| Untracked 
|  84|0x0000000085400000, 0x0000000085400000, 0x0000000085500000|  0%| F|  |TAMS 0x0000000085400000, 0x0000000085400000| Untracked 
|  85|0x0000000085500000, 0x0000000085500000, 0x0000000085600000|  0%| F|  |TAMS 0x0000000085500000, 0x0000000085500000| Untracked 
|  86|0x0000000085600000, 0x0000000085600000, 0x0000000085700000|  0%| F|  |TAMS 0x0000000085600000, 0x0000000085600000| Untracked 
|  87|0x0000000085700000, 0x0000000085700000, 0x0000000085800000|  0%| F|  |TAMS 0x0000000085700000, 0x0000000085700000| Untracked 
|  88|0x0000000085800000, 0x0000000085800000, 0x0000000085900000|  0%| F|  |TAMS 0x0000000085800000, 0x0000000085800000| Untracked 
|  89|0x0000000085900000, 0x0000000085900000, 0x0000000085a00000|  0%| F|  |TAMS 0x0000000085900000, 0x0000000085900000| Untracked 
|  90|0x0000000085a00000, 0x0000000085a00000, 0x0000000085b00000|  0%| F|  |TAMS 0x0000000085a00000, 0x0000000085a00000| Untracked 
|  91|0x0000000085b00000, 0x0000000085b00000, 0x0000000085c00000|  0%| F|  |TAMS 0x0000000085b00000, 0x0000000085b00000| Untracked 
|  92|0x0000000085c00000, 0x0000000085c00000, 0x0000000085d00000|  0%| F|  |TAMS 0x0000000085c00000, 0x0000000085c00000| Untracked 
|  93|0x0000000085d00000, 0x0000000085d00000, 0x0000000085e00000|  0%| F|  |TAMS 0x0000000085d00000, 0x0000000085d00000| Untracked 
|  94|0x0000000085e00000, 0x0000000085e63540, 0x0000000085f00000| 38%| S|CS|TAMS 0x0000000085e00000, 0x0000000085e00000| Complete 
|  95|0x0000000085f00000, 0x0000000086000000, 0x0000000086000000|100%| S|CS|TAMS 0x0000000085f00000, 0x0000000085f00000| Complete 
|  96|0x0000000086000000, 0x0000000086000000, 0x0000000086100000|  0%| E|  |TAMS 0x0000000086000000, 0x0000000086000000| Complete 
|  97|0x0000000086100000, 0x0000000086200000, 0x0000000086200000|100%| E|CS|TAMS 0x0000000086100000, 0x0000000086100000| Complete 
|  98|0x0000000086200000, 0x0000000086300000, 0x0000000086300000|100%| E|CS|TAMS 0x0000000086200000, 0x0000000086200000| Complete 
|  99|0x0000000086300000, 0x0000000086400000, 0x0000000086400000|100%| E|CS|TAMS 0x0000000086300000, 0x0000000086300000| Complete 
| 100|0x0000000086400000, 0x0000000086500000, 0x0000000086500000|100%| E|CS|TAMS 0x0000000086400000, 0x0000000086400000| Complete 
| 101|0x0000000086500000, 0x0000000086600000, 0x0000000086600000|100%| E|CS|TAMS 0x0000000086500000, 0x0000000086500000| Complete 
| 102|0x0000000086600000, 0x0000000086700000, 0x0000000086700000|100%| E|CS|TAMS 0x0000000086600000, 0x0000000086600000| Complete 
| 103|0x0000000086700000, 0x0000000086800000, 0x0000000086800000|100%| E|CS|TAMS 0x0000000086700000, 0x0000000086700000| Complete 
| 104|0x0000000086800000, 0x0000000086900000, 0x0000000086900000|100%| E|CS|TAMS 0x0000000086800000, 0x0000000086800000| Complete 
| 105|0x0000000086900000, 0x0000000086a00000, 0x0000000086a00000|100%| E|CS|TAMS 0x0000000086900000, 0x0000000086900000| Complete 
| 106|0x0000000086a00000, 0x0000000086b00000, 0x0000000086b00000|100%| E|CS|TAMS 0x0000000086a00000, 0x0000000086a00000| Complete 
| 107|0x0000000086b00000, 0x0000000086c00000, 0x0000000086c00000|100%| E|CS|TAMS 0x0000000086b00000, 0x0000000086b00000| Complete 
| 108|0x0000000086c00000, 0x0000000086d00000, 0x0000000086d00000|100%| E|CS|TAMS 0x0000000086c00000, 0x0000000086c00000| Complete 
| 109|0x0000000086d00000, 0x0000000086e00000, 0x0000000086e00000|100%| E|CS|TAMS 0x0000000086d00000, 0x0000000086d00000| Complete 
| 110|0x0000000086e00000, 0x0000000086f00000, 0x0000000086f00000|100%| E|CS|TAMS 0x0000000086e00000, 0x0000000086e00000| Complete 
| 111|0x0000000086f00000, 0x0000000087000000, 0x0000000087000000|100%| E|CS|TAMS 0x0000000086f00000, 0x0000000086f00000| Complete 
| 112|0x0000000087000000, 0x0000000087100000, 0x0000000087100000|100%| E|CS|TAMS 0x0000000087000000, 0x0000000087000000| Complete 
| 113|0x0000000087100000, 0x0000000087200000, 0x0000000087200000|100%| E|CS|TAMS 0x0000000087100000, 0x0000000087100000| Complete 
| 114|0x0000000087200000, 0x0000000087300000, 0x0000000087300000|100%| E|CS|TAMS 0x0000000087200000, 0x0000000087200000| Complete 
| 115|0x0000000087300000, 0x0000000087400000, 0x0000000087400000|100%| E|CS|TAMS 0x0000000087300000, 0x0000000087300000| Complete 
| 116|0x0000000087400000, 0x0000000087500000, 0x0000000087500000|100%| E|CS|TAMS 0x0000000087400000, 0x0000000087400000| Complete 
| 117|0x0000000087500000, 0x0000000087600000, 0x0000000087600000|100%| E|CS|TAMS 0x0000000087500000, 0x0000000087500000| Complete 
| 118|0x0000000087600000, 0x0000000087700000, 0x0000000087700000|100%| E|CS|TAMS 0x0000000087600000, 0x0000000087600000| Complete 
| 119|0x0000000087700000, 0x0000000087800000, 0x0000000087800000|100%| E|CS|TAMS 0x0000000087700000, 0x0000000087700000| Complete 
| 120|0x0000000087800000, 0x0000000087900000, 0x0000000087900000|100%| E|CS|TAMS 0x0000000087800000, 0x0000000087800000| Complete 
| 121|0x0000000087900000, 0x0000000087a00000, 0x0000000087a00000|100%| E|CS|TAMS 0x0000000087900000, 0x0000000087900000| Complete 
| 122|0x0000000087a00000, 0x0000000087b00000, 0x0000000087b00000|100%| E|CS|TAMS 0x0000000087a00000, 0x0000000087a00000| Complete 
| 123|0x0000000087b00000, 0x0000000087c00000, 0x0000000087c00000|100%| E|CS|TAMS 0x0000000087b00000, 0x0000000087b00000| Complete 
| 124|0x0000000087c00000, 0x0000000087d00000, 0x0000000087d00000|100%| E|CS|TAMS 0x0000000087c00000, 0x0000000087c00000| Complete 
| 125|0x0000000087d00000, 0x0000000087e00000, 0x0000000087e00000|100%| E|CS|TAMS 0x0000000087d00000, 0x0000000087d00000| Complete 
| 126|0x0000000087e00000, 0x0000000087f00000, 0x0000000087f00000|100%| E|CS|TAMS 0x0000000087e00000, 0x0000000087e00000| Complete 
| 127|0x0000000087f00000, 0x0000000088000000, 0x0000000088000000|100%| E|CS|TAMS 0x0000000087f00000, 0x0000000087f00000| Complete 

Card table byte_map: [0x00000265bba10000,0x00000265bbe10000] _byte_map_base: 0x00000265bb610000

Marking Bits (Prev, Next): (CMBitMap*) 0x00000265a82ed8b0, (CMBitMap*) 0x00000265a82ed878
 Prev Bits: [0x00000265be210000, 0x00000265c0210000)
 Next Bits: [0x00000265bc210000, 0x00000265be210000)

Polling page: 0x00000265a6a80000

Metaspace:

Usage:
  Non-class:     20.79 MB capacity,    20.43 MB ( 98%) used,   317.23 KB (  1%) free+waste,    42.50 KB ( <1%) overhead. 
      Class:      3.15 MB capacity,     2.96 MB ( 94%) used,   167.82 KB (  5%) free+waste,    21.06 KB ( <1%) overhead. 
       Both:     23.93 MB capacity,    23.39 MB ( 98%) used,   485.05 KB (  2%) free+waste,    63.56 KB ( <1%) overhead. 

Virtual space:
  Non-class space:       22.00 MB reserved,      20.92 MB ( 95%) committed 
      Class space:        1.00 GB reserved,       3.25 MB ( <1%) committed 
             Both:        1.02 GB reserved,      24.17 MB (  2%) committed 

Chunk freelists:
   Non-Class:  12.00 KB
       Class:  11.00 KB
        Both:  23.00 KB

MaxMetaspaceSize: 17179869184.00 GB
CompressedClassSpaceSize: 1.00 GB
Initial GC threshold: 20.80 MB
Current GC threshold: 35.08 MB
CDS: off

CodeHeap 'non-profiled nmethods': size=120064Kb used=1047Kb max_used=1047Kb free=119016Kb
 bounds [0x00000265b3890000, 0x00000265b3b00000, 0x00000265badd0000]
CodeHeap 'profiled nmethods': size=120000Kb used=4348Kb max_used=4348Kb free=115651Kb
 bounds [0x00000265ac360000, 0x00000265ac7a0000, 0x00000265b3890000]
CodeHeap 'non-nmethods': size=5696Kb used=1219Kb max_used=1249Kb free=4477Kb
 bounds [0x00000265abdd0000, 0x00000265ac040000, 0x00000265ac360000]
 total_blobs=2534 nmethods=2041 adapters=405
 compilation: enabled
              stopped_count=0, restarted_count=0
 full_count=0

Compilation events (20 events):
Event: 2.838 Thread 0x00000265c4f9d000 nmethod 2009 0x00000265b3992290 code [0x00000265b3992420, 0x00000265b3992478]
Event: 2.838 Thread 0x00000265c4f9d000 2011       4       java.lang.StringBuilder::append (10 bytes)
Event: 2.840 Thread 0x00000265c2ade000 2012       3       java.util.concurrent.ConcurrentHashMap::get (162 bytes)
Event: 2.840 Thread 0x00000265c2ade000 nmethod 2012 0x00000265ac787010 code [0x00000265ac787280, 0x00000265ac787f38]
Event: 2.847 Thread 0x00000265c4f9d000 nmethod 2011 0x00000265b3992590 code [0x00000265b3992760, 0x00000265b3992e38]
Event: 2.847 Thread 0x00000265c4f9d000 2010       4       java.lang.AbstractStringBuilder::append (43 bytes)
Event: 2.854 Thread 0x00000265c2ade000 2013       3       java.lang.invoke.DirectMethodHandle::make (263 bytes)
Event: 2.855 Thread 0x00000265c4f9d000 nmethod 2010 0x00000265b3993310 code [0x00000265b39934e0, 0x00000265b3993bb8]
Event: 2.855 Thread 0x00000265c2ade000 nmethod 2013 0x00000265ac788290 code [0x00000265ac788640, 0x00000265ac789b88]
Event: 2.855 Thread 0x00000265c2ade000 2014   !   3       java.lang.invoke.MethodHandle::setVarargs (24 bytes)
Event: 2.856 Thread 0x00000265c2ade000 nmethod 2014 0x00000265ac78a490 code [0x00000265ac78a6a0, 0x00000265ac78ad38]
Event: 2.856 Thread 0x00000265c2ade000 2015       3       java.lang.invoke.MemberName::isVarargs (23 bytes)
Event: 2.856 Thread 0x00000265c2ade000 nmethod 2015 0x00000265ac78af90 code [0x00000265ac78b180, 0x00000265ac78b618]
Event: 2.858 Thread 0x00000265c2ade000 2017       3       org.objectweb.asm.SymbolTable::get (13 bytes)
Event: 2.858 Thread 0x00000265c2ade000 nmethod 2017 0x00000265ac78b790 code [0x00000265ac78b940, 0x00000265ac78ba98]
Event: 2.859 Thread 0x00000265c2ade000 2018       3       org.objectweb.asm.SymbolTable::hash (10 bytes)
Event: 2.859 Thread 0x00000265c2ade000 nmethod 2018 0x00000265ac78bb90 code [0x00000265ac78bd40, 0x00000265ac78be68]
Event: 2.859 Thread 0x00000265c2ade000 2019       3       org.objectweb.asm.ByteVector::putByte (39 bytes)
Event: 2.859 Thread 0x00000265c2ade000 nmethod 2019 0x00000265ac78bf90 code [0x00000265ac78c160, 0x00000265ac78c348]
Event: 2.859 Thread 0x00000265c2ade000 2020       3       org.objectweb.asm.Frame::execute (2318 bytes)

GC Heap History (6 events):
Event: 0.690 GC heap before
{Heap before GC invocations=0 (full 0):
 garbage-first heap   total 131072K, used 27648K [0x0000000080000000, 0x0000000100000000)
  region size 1024K, 22 young (22528K), 0 survivors (0K)
 Metaspace       used 9563K, capacity 9793K, committed 10112K, reserved 1058816K
  class space    used 966K, capacity 1036K, committed 1152K, reserved 1048576K
}
Event: 0.695 GC heap after
{Heap after GC invocations=1 (full 0):
 garbage-first heap   total 131072K, used 8885K [0x0000000080000000, 0x0000000100000000)
  region size 1024K, 3 young (3072K), 3 survivors (3072K)
 Metaspace       used 9563K, capacity 9793K, committed 10112K, reserved 1058816K
  class space    used 966K, capacity 1036K, committed 1152K, reserved 1048576K
}
Event: 2.177 GC heap before
{Heap before GC invocations=1 (full 0):
 garbage-first heap   total 131072K, used 83637K [0x0000000080000000, 0x0000000100000000)
  region size 1024K, 76 young (77824K), 3 survivors (3072K)
 Metaspace       used 17414K, capacity 17747K, committed 18048K, reserved 1064960K
  class space    used 2014K, capacity 2113K, committed 2176K, reserved 1048576K
}
Event: 2.186 GC heap after
{Heap after GC invocations=2 (full 0):
 garbage-first heap   total 131072K, used 15786K [0x0000000080000000, 0x0000000100000000)
  region size 1024K, 10 young (10240K), 10 survivors (10240K)
 Metaspace       used 17414K, capacity 17747K, committed 18048K, reserved 1064960K
  class space    used 2014K, capacity 2113K, committed 2176K, reserved 1048576K
}
Event: 2.523 GC heap before
{Heap before GC invocations=2 (full 0):
 garbage-first heap   total 131072K, used 47530K [0x0000000080000000, 0x0000000100000000)
  region size 1024K, 42 young (43008K), 10 survivors (10240K)
 Metaspace       used 20729K, capacity 21185K, committed 21296K, reserved 1069056K
  class space    used 2521K, capacity 2684K, committed 2688K, reserved 1048576K
}
Event: 2.531 GC heap after
{Heap after GC invocations=3 (full 0):
 garbage-first heap   total 131072K, used 17140K [0x0000000080000000, 0x0000000100000000)
  region size 1024K, 2 young (2048K), 2 survivors (2048K)
 Metaspace       used 20729K, capacity 21185K, committed 21296K, reserved 1069056K
  class space    used 2521K, capacity 2684K, committed 2688K, reserved 1048576K
}

Deoptimization events (20 events):
Event: 2.490 Thread 0x00000265c6a77800 Uncommon trap: trap_request=0xffffffc6 fr.pc=0x00000265b39047d4 relative=0x0000000000000114
Event: 2.490 Thread 0x00000265c6a77800 Uncommon trap: reason=bimorphic_or_optimized_type_check action=maybe_recompile pc=0x00000265b39047d4 method=java.util.AbstractList$Itr.next()Ljava/lang/Object; @ 14 c2
Event: 2.490 Thread 0x00000265c6a77800 DEOPT PACKING pc=0x00000265b39047d4 sp=0x00000081ab9fa800
Event: 2.490 Thread 0x00000265c6a77800 DEOPT UNPACKING pc=0x00000265abe1a1af sp=0x00000081ab9fa798 mode 2
Event: 2.490 Thread 0x00000265c6a77800 Uncommon trap: trap_request=0xffffff4d fr.pc=0x00000265b3900d7c relative=0x00000000000005bc
Event: 2.490 Thread 0x00000265c6a77800 Uncommon trap: reason=unstable_if action=reinterpret pc=0x00000265b3900d7c method=java.io.File.getName()Ljava/lang/String; @ 16 c2
Event: 2.490 Thread 0x00000265c6a77800 DEOPT PACKING pc=0x00000265b3900d7c sp=0x00000081ab9fb1e0
Event: 2.490 Thread 0x00000265c6a77800 DEOPT UNPACKING pc=0x00000265abe1a1af sp=0x00000081ab9fb1b0 mode 2
Event: 2.490 Thread 0x00000265c6a77800 Uncommon trap: trap_request=0xffffff4d fr.pc=0x00000265b38fedac relative=0x000000000000046c
Event: 2.490 Thread 0x00000265c6a77800 Uncommon trap: reason=unstable_if action=reinterpret pc=0x00000265b38fedac method=java.lang.String.substring(I)Ljava/lang/String; @ 34 c2
Event: 2.490 Thread 0x00000265c6a77800 DEOPT PACKING pc=0x00000265b38fedac sp=0x00000081ab9fb160
Event: 2.490 Thread 0x00000265c6a77800 DEOPT UNPACKING pc=0x00000265abe1a1af sp=0x00000081ab9fb138 mode 2
Event: 2.618 Thread 0x00000265c6a77800 Uncommon trap: trap_request=0xffffff4d fr.pc=0x00000265b3973398 relative=0x0000000000000398
Event: 2.618 Thread 0x00000265c6a77800 Uncommon trap: reason=unstable_if action=reinterpret pc=0x00000265b3973398 method=jdk.internal.org.objectweb.asm.Type.getArgumentsAndReturnSizes(Ljava/lang/String;)I @ 88 c2
Event: 2.618 Thread 0x00000265c6a77800 DEOPT PACKING pc=0x00000265b3973398 sp=0x00000081ab9f9730
Event: 2.618 Thread 0x00000265c6a77800 DEOPT UNPACKING pc=0x00000265abe1a1af sp=0x00000081ab9f96b8 mode 2
Event: 2.821 Thread 0x00000265c6a77800 Uncommon trap: trap_request=0xffffff4d fr.pc=0x00000265b38e1f7c relative=0x000000000000023c
Event: 2.821 Thread 0x00000265c6a77800 Uncommon trap: reason=unstable_if action=reinterpret pc=0x00000265b38e1f7c method=java.util.concurrent.ConcurrentHashMap.get(Ljava/lang/Object;)Ljava/lang/Object; @ 76 c2
Event: 2.821 Thread 0x00000265c6a77800 DEOPT PACKING pc=0x00000265b38e1f7c sp=0x00000081ab9f88d0
Event: 2.821 Thread 0x00000265c6a77800 DEOPT UNPACKING pc=0x00000265abe1a1af sp=0x00000081ab9f8838 mode 2

Classes redefined (0 events):
No events

Internal exceptions (20 events):
Event: 0.579 Thread 0x00000265a82ab000 Exception <a 'java/lang/NoSuchMethodError'{0x0000000086d66868}: 'void java.lang.invoke.DelegatingMethodHandle$Holder.delegate(java.lang.Object, java.lang.Object, int, java.lang.Object)'> (0x0000000086d66868) thrown at [./src/hotspot/share/interpreter/linkResolver.cpp, line 773]
Event: 1.120 Thread 0x00000265a82ab000 Exception <a 'java/security/PrivilegedActionException'{0x00000000857aef10}> (0x00000000857aef10) thrown at [./src/hotspot/share/prims/jvm.cpp, line 1306]
Event: 1.120 Thread 0x00000265a82ab000 Exception <a 'java/security/PrivilegedActionException'{0x00000000857af488}> (0x00000000857af488) thrown at [./src/hotspot/share/prims/jvm.cpp, line 1306]
Event: 1.355 Thread 0x00000265a82ab000 Exception <a 'java/lang/NoSuchMethodError'{0x000000008451b2d8}: 'java.lang.Object java.lang.invoke.DirectMethodHandle$Holder.invokeStaticInit(java.lang.Object, java.lang.Object, java.lang.Object)'> (0x000000008451b2d8) thrown at [./src/hotspot/share/interpreter/linkResolver.cpp, line 773]
Event: 1.515 Thread 0x00000265a82ab000 Exception <a 'java/lang/NoSuchMethodError'{0x0000000083f9cfb0}: 'java.lang.Object java.lang.invoke.DirectMethodHandle$Holder.invokeStaticInit(java.lang.Object, int, int, int, int)'> (0x0000000083f9cfb0) thrown at [./src/hotspot/share/interpreter/linkResolver.cpp, line 773]
Event: 1.725 Thread 0x00000265a82ab000 Exception <a 'java/lang/NoSuchMethodError'{0x0000000083fc20e0}: 'java.lang.Object java.lang.invoke.DirectMethodHandle$Holder.invokeStaticInit(java.lang.Object, java.lang.Object, int, int, int, int)'> (0x0000000083fc20e0) thrown at [./src/hotspot/share/interpreter/linkResolver.cpp, line 773]
Event: 2.022 Thread 0x00000265a82ab000 Exception <a 'java/io/IOException'{0x0000000083c1db88}> (0x0000000083c1db88) thrown at [./src/hotspot/share/prims/jni.cpp, line 616]
Event: 2.147 Thread 0x00000265c6a77800 Exception <a 'java/lang/NoSuchMethodError'{0x00000000836f4e98}: 'long java.lang.invoke.DirectMethodHandle$Holder.invokeInterface(java.lang.Object, java.lang.Object)'> (0x00000000836f4e98) thrown at [./src/hotspot/share/interpreter/linkResolver.cpp, line 773]
Event: 2.148 Thread 0x00000265c6a77800 Exception <a 'java/lang/NoSuchMethodError'{0x00000000835025f0}: 'void java.lang.invoke.DelegatingMethodHandle$Holder.reinvoke_L(java.lang.Object, java.lang.Object, java.lang.Object, java.lang.Object, java.lang.Object, java.lang.Object, java.lang.Object)'> (0x00000000835025f0) thrown at [./src/hotspot/share/interpreter/linkResolver.cpp, line 773]
Event: 2.419 Thread 0x00000265c6a77800 Exception <a 'java/lang/NoSuchMethodError'{0x0000000086615888}: 'void java.lang.invoke.DirectMethodHandle$Holder.invokeStaticInit(java.lang.Object)'> (0x0000000086615888) thrown at [./src/hotspot/share/interpreter/linkResolver.cpp, line 773]
Event: 2.430 Thread 0x00000265c6a77800 Exception <a 'java/lang/NoSuchMethodError'{0x00000000866c1c30}: 'java.lang.Object java.lang.invoke.DirectMethodHandle$Holder.invokeStatic(java.lang.Object, java.lang.Object, java.lang.Object, int)'> (0x00000000866c1c30) thrown at [./src/hotspot/share/interpreter/linkResolver.cpp, line 773]
Event: 2.430 Thread 0x00000265c6a77800 Exception <a 'java/lang/NoSuchMethodError'{0x00000000866c6348}: 'java.lang.Object java.lang.invoke.DirectMethodHandle$Holder.invokeSpecial(java.lang.Object, java.lang.Object, java.lang.Object, java.lang.Object, int)'> (0x00000000866c6348) thrown at [./src/hotspot/share/interpreter/linkResolver.cpp, line 773]
Event: 2.431 Thread 0x00000265c6a77800 Exception <a 'java/lang/NoSuchMethodError'{0x00000000865026c0}: 'java.lang.Object java.lang.invoke.Invokers$Holder.linkToTargetMethod(java.lang.Object, java.lang.Object, int, java.lang.Object)'> (0x00000000865026c0) thrown at [./src/hotspot/share/interpreter/linkResolver.cpp, line 773]
Event: 2.557 Thread 0x00000265c6a77800 Exception <a 'java/lang/NoSuchMethodError'{0x0000000087ff1760}: 'int java.lang.invoke.DirectMethodHandle$Holder.invokeSpecialIFC(java.lang.Object, java.lang.Object, java.lang.Object, java.lang.Object)'> (0x0000000087ff1760) thrown at [./src/hotspot/share/interpreter/linkResolver.cpp, line 773]
Event: 2.559 Thread 0x00000265c6a77800 Exception <a 'java/lang/NoSuchMethodError'{0x0000000087fff718}: 'java.lang.Object java.lang.invoke.DirectMethodHandle$Holder.invokeInterface(java.lang.Object, java.lang.Object, java.lang.Object)'> (0x0000000087fff718) thrown at [./src/hotspot/share/interpreter/linkResolver.cpp, line 773]
Event: 2.559 Thread 0x00000265c6a77800 Exception <a 'java/lang/IncompatibleClassChangeError'{0x0000000087e030f0}: Found class java.lang.Object, but interface was expected> (0x0000000087e030f0) thrown at [./src/hotspot/share/interpreter/linkResolver.cpp, line 839]
Event: 2.659 Thread 0x00000265c6a77800 Exception <a 'java/lang/NoSuchMethodError'{0x00000000877b5c00}: 'void java.lang.invoke.DirectMethodHandle$Holder.invokeSpecial(java.lang.Object, java.lang.Object, java.lang.Object, java.lang.Object, java.lang.Object)'> (0x00000000877b5c00) thrown at [./src/hotspot/share/interpreter/linkResolver.cpp, line 773]
Event: 2.683 Thread 0x00000265c6a77800 Exception <a 'java/lang/NoSuchMethodError'{0x00000000875d9e60}: 'java.lang.Object java.lang.invoke.DirectMethodHandle$Holder.invokeSpecial(java.lang.Object, java.lang.Object, java.lang.Object, java.lang.Object, java.lang.Object, java.lang.Object, java.lang.Object, java.lang.Object, java.lang.Object)'> (0x00000000875d9e60) thrown at [./src/hotspot/share/interpreter/linkResolver.cpp, line 773]
Event: 2.766 Thread 0x00000265c6a77800 Exception <a 'java/lang/NoSuchMethodError'{0x0000000086bb2900}: 'java.lang.Object java.lang.invoke.DirectMethodHandle$Holder.invokeVirtual(java.lang.Object, java.lang.Object, java.lang.Object, java.lang.Object)'> (0x0000000086bb2900) thrown at [./src/hotspot/share/interpreter/linkResolver.cpp, line 773]
Event: 2.855 Thread 0x00000265c6a77800 Exception <a 'java/lang/NoSuchMethodError'{0x0000000086402670}: 'void java.lang.invoke.DirectMethodHandle$Holder.invokeSpecial(java.lang.Object, java.lang.Object, java.lang.Object, java.lang.Object, java.lang.Object, java.lang.Object)'> (0x0000000086402670) thrown at [./src/hotspot/share/interpreter/linkResolver.cpp, line 773]

Events (20 events):
Event: 2.860 loading class org/gradle/internal/instantiation/generator/AsmBackedClassGenerator$MethodCodeBody
Event: 2.860 loading class org/gradle/internal/instantiation/generator/AsmBackedClassGenerator$MethodCodeBody done
Event: 2.861 loading class org/objectweb/asm/MethodVisitor
Event: 2.861 loading class org/objectweb/asm/MethodVisitor done
Event: 2.861 loading class org/gradle/internal/instantiation/generator/AsmBackedClassGenerator$ClassBuilderImpl
Event: 2.861 loading class org/gradle/internal/instantiation/generator/AsmBackedClassGenerator$ClassBuilderImpl done
Event: 2.861 loading class org/objectweb/asm/MethodVisitor
Event: 2.861 loading class org/objectweb/asm/MethodVisitor done
Event: 2.861 loading class org/gradle/internal/instantiation/generator/AsmBackedClassGenerator$ClassBuilderImpl
Event: 2.861 loading class org/gradle/internal/instantiation/generator/AsmBackedClassGenerator$ClassBuilderImpl done
Event: 2.861 loading class org/objectweb/asm/MethodVisitor
Event: 2.861 loading class org/objectweb/asm/MethodVisitor done
Event: 2.861 loading class org/gradle/internal/instantiation/generator/AsmBackedClassGenerator$ClassBuilderImpl
Event: 2.861 loading class org/gradle/internal/instantiation/generator/AsmBackedClassGenerator$ClassBuilderImpl done
Event: 2.861 loading class org/objectweb/asm/MethodVisitor
Event: 2.861 loading class org/objectweb/asm/MethodVisitor done
Event: 2.861 loading class org/gradle/internal/instantiation/generator/AsmBackedClassGenerator$ClassBuilderImpl
Event: 2.861 loading class org/gradle/internal/instantiation/generator/AsmBackedClassGenerator$ClassBuilderImpl done
Event: 2.862 loading class com/google/common/collect/AbstractMapBasedMultimap$WrappedSet
Event: 2.862 loading class com/google/common/collect/AbstractMapBasedMultimap$WrappedSet done


Dynamic libraries:
0x00007ff680330000 - 0x00007ff68033a000 	C:\Program Files\Android\Android Studio\jre\bin\java.exe
0x00007fffd7ed0000 - 0x00007fffd80c5000 	C:\Windows\SYSTEM32\ntdll.dll
0x00007fffd7d30000 - 0x00007fffd7ded000 	C:\Windows\System32\KERNEL32.DLL
0x00007fffd58d0000 - 0x00007fffd5b9d000 	C:\Windows\System32\KERNELBASE.dll
0x00007fffd5ba0000 - 0x00007fffd5ca0000 	C:\Windows\System32\ucrtbase.dll
0x00007fffcaf50000 - 0x00007fffcaf69000 	C:\Program Files\Android\Android Studio\jre\bin\jli.dll
0x00007fffc2d10000 - 0x00007fffc2d27000 	C:\Program Files\Android\Android Studio\jre\bin\VCRUNTIME140.dll
0x00007fffd7000000 - 0x00007fffd71a0000 	C:\Windows\System32\USER32.dll
0x00007fffbfca0000 - 0x00007fffbff3a000 	C:\Windows\WinSxS\amd64_microsoft.windows.common-controls_6595b64144ccf1df_6.0.19041.1110_none_60b5254171f9507e\COMCTL32.dll
0x00007fffd5ef0000 - 0x00007fffd5f12000 	C:\Windows\System32\win32u.dll
0x00007fffd7df0000 - 0x00007fffd7e8e000 	C:\Windows\System32\msvcrt.dll
0x00007fffd7c30000 - 0x00007fffd7c5a000 	C:\Windows\System32\GDI32.dll
0x00007fffd5de0000 - 0x00007fffd5eeb000 	C:\Windows\System32\gdi32full.dll
0x00007fffd57e0000 - 0x00007fffd587d000 	C:\Windows\System32\msvcp_win.dll
0x00007fffd6fd0000 - 0x00007fffd7000000 	C:\Windows\System32\IMM32.DLL
0x00007fffb4300000 - 0x00007fffb439d000 	C:\Program Files\Android\Android Studio\jre\bin\msvcp140.dll
0x00007fff8a440000 - 0x00007fff8af42000 	C:\Program Files\Android\Android Studio\jre\bin\server\jvm.dll
0x00007fffd7500000 - 0x00007fffd75ae000 	C:\Windows\System32\ADVAPI32.dll
0x00007fffd72d0000 - 0x00007fffd736c000 	C:\Windows\System32\sechost.dll
0x00007fffd6e90000 - 0x00007fffd6fb5000 	C:\Windows\System32\RPCRT4.dll
0x00007fffd7b50000 - 0x00007fffd7b58000 	C:\Windows\System32\PSAPI.DLL
0x00007fffc9bc0000 - 0x00007fffc9bc9000 	C:\Windows\SYSTEM32\WSOCK32.dll
0x00007fffd7c60000 - 0x00007fffd7ccb000 	C:\Windows\System32\WS2_32.dll
0x00007fffcab70000 - 0x00007fffcab97000 	C:\Windows\SYSTEM32\WINMM.dll
0x00007fffcf4b0000 - 0x00007fffcf4ba000 	C:\Windows\SYSTEM32\VERSION.dll
0x00007fffd3500000 - 0x00007fffd3512000 	C:\Windows\SYSTEM32\kernel.appcore.dll
0x00007fff8a420000 - 0x00007fff8a431000 	C:\Program Files\Android\Android Studio\jre\bin\verify.dll
0x00007fffc9e10000 - 0x00007fffc9ff4000 	C:\Windows\SYSTEM32\DBGHELP.DLL
0x00007fffc9bd0000 - 0x00007fffc9bfc000 	C:\Windows\SYSTEM32\dbgcore.DLL
0x00007fffd5d50000 - 0x00007fffd5dd2000 	C:\Windows\System32\bcryptPrimitives.dll
0x00007fff8a3f0000 - 0x00007fff8a419000 	C:\Program Files\Android\Android Studio\jre\bin\java.dll
0x00007fffba730000 - 0x00007fffba73b000 	C:\Program Files\Android\Android Studio\jre\bin\jimage.dll
0x00007fff8a3d0000 - 0x00007fff8a3e8000 	C:\Program Files\Android\Android Studio\jre\bin\zip.dll
0x00007fffd6650000 - 0x00007fffd6d94000 	C:\Windows\System32\SHELL32.dll
0x00007fffd3700000 - 0x00007fffd3e94000 	C:\Windows\SYSTEM32\windows.storage.dll
0x00007fffd5f20000 - 0x00007fffd6274000 	C:\Windows\System32\combase.dll
0x00007fffd5040000 - 0x00007fffd506c000 	C:\Windows\SYSTEM32\Wldp.dll
0x00007fffd7370000 - 0x00007fffd741d000 	C:\Windows\System32\SHCORE.dll
0x00007fffd7480000 - 0x00007fffd74d5000 	C:\Windows\System32\shlwapi.dll
0x00007fffd5520000 - 0x00007fffd553f000 	C:\Windows\SYSTEM32\profapi.dll
0x00007fff8a3b0000 - 0x00007fff8a3ca000 	C:\Program Files\Android\Android Studio\jre\bin\net.dll
0x00007fffccdd0000 - 0x00007fffcceda000 	C:\Windows\SYSTEM32\WINHTTP.dll
0x00007fffd4da0000 - 0x00007fffd4e0a000 	C:\Windows\system32\mswsock.dll
0x00007fff8a390000 - 0x00007fff8a3a4000 	C:\Program Files\Android\Android Studio\jre\bin\nio.dll
0x00007fffcaa00000 - 0x00007fffcaa27000 	C:\Users\user\.gradle\native\e1d6ef7f7dcc3fd88c89a11ec53ec762bb8ba0a96d01ffa2cd45eb1d1d8dd5c5\windows-amd64\native-platform.dll
0x00007fffaf410000 - 0x00007fffaf554000 	C:\Users\user\.gradle\native\0d407fdbe67a94daf76414ababcb853783967236a71b16ec16e742cd7a986fd3\windows-amd64\native-platform-file-events.dll
0x00007fff8a380000 - 0x00007fff8a38a000 	C:\Program Files\Android\Android Studio\jre\bin\management.dll
0x00007fff8a370000 - 0x00007fff8a37d000 	C:\Program Files\Android\Android Studio\jre\bin\management_ext.dll
0x00007fffd4f90000 - 0x00007fffd4fa8000 	C:\Windows\SYSTEM32\CRYPTSP.dll
0x00007fffd46b0000 - 0x00007fffd46e4000 	C:\Windows\system32\rsaenh.dll
0x00007fffd57b0000 - 0x00007fffd57d7000 	C:\Windows\System32\bcrypt.dll
0x00007fffd54a0000 - 0x00007fffd54ce000 	C:\Windows\SYSTEM32\USERENV.dll
0x00007fffd4fb0000 - 0x00007fffd4fbc000 	C:\Windows\SYSTEM32\CRYPTBASE.dll
0x00007fffd4a40000 - 0x00007fffd4a7b000 	C:\Windows\SYSTEM32\IPHLPAPI.DLL
0x00007fffd6fc0000 - 0x00007fffd6fc8000 	C:\Windows\System32\NSI.dll
0x00007fffd0020000 - 0x00007fffd0037000 	C:\Windows\SYSTEM32\dhcpcsvc6.DLL
0x00007fffcfd20000 - 0x00007fffcfd3d000 	C:\Windows\SYSTEM32\dhcpcsvc.DLL
0x00007fffd4a80000 - 0x00007fffd4b4b000 	C:\Windows\SYSTEM32\DNSAPI.dll

dbghelp: loaded successfully - version: 4.0.5 - missing functions: none
symbol engine: initialized successfully - sym options: 0x614 - pdb path: .;C:\Program Files\Android\Android Studio\jre\bin;C:\Windows\SYSTEM32;C:\Windows\WinSxS\amd64_microsoft.windows.common-controls_6595b64144ccf1df_6.0.19041.1110_none_60b5254171f9507e;C:\Program Files\Android\Android Studio\jre\bin\server;C:\Users\user\.gradle\native\e1d6ef7f7dcc3fd88c89a11ec53ec762bb8ba0a96d01ffa2cd45eb1d1d8dd5c5\windows-amd64;C:\Users\user\.gradle\native\0d407fdbe67a94daf76414ababcb853783967236a71b16ec16e742cd7a986fd3\windows-amd64

VM Arguments:
jvm_args: --add-opens=java.base/java.util=ALL-UNNAMED --add-opens=java.base/java.lang=ALL-UNNAMED --add-opens=java.base/java.lang.invoke=ALL-UNNAMED --add-opens=java.base/java.util=ALL-UNNAMED --add-opens=java.prefs/java.util.prefs=ALL-UNNAMED --add-opens=java.prefs/java.util.prefs=ALL-UNNAMED --add-opens=java.base/java.nio.charset=ALL-UNNAMED --add-opens=java.base/java.net=ALL-UNNAMED --add-opens=java.base/java.util.concurrent.atomic=ALL-UNNAMED -Xmx2048m -Dfile.encoding=UTF-8 -Duser.country=US -Duser.language=en -Duser.variant 
java_command: org.gradle.launcher.daemon.bootstrap.GradleDaemon 7.4
java_class_path (initial): C:\Users\user\.gradle\wrapper\dists\gradle-7.4-bin\c0gwcg53nkjbqw7r0h0umtfvt\gradle-7.4\lib\gradle-launcher-7.4.jar
Launcher Type: SUN_STANDARD

[Global flags]
     intx CICompilerCount                          = 3                                         {product} {ergonomic}
     uint ConcGCThreads                            = 2                                         {product} {ergonomic}
     uint G1ConcRefinementThreads                  = 6                                         {product} {ergonomic}
   size_t G1HeapRegionSize                         = 1048576                                   {product} {ergonomic}
    uintx GCDrainStackTargetSize                   = 64                                        {product} {ergonomic}
   size_t InitialHeapSize                          = 134217728                                 {product} {ergonomic}
   size_t MarkStackSize                            = 4194304                                   {product} {ergonomic}
   size_t MaxHeapSize                              = 2147483648                                {product} {command line}
   size_t MaxNewSize                               = 1287651328                                {product} {ergonomic}
   size_t MinHeapDeltaBytes                        = 1048576                                   {product} {ergonomic}
    uintx NonNMethodCodeHeapSize                   = 5830732                                {pd product} {ergonomic}
    uintx NonProfiledCodeHeapSize                  = 122913754                              {pd product} {ergonomic}
    uintx ProfiledCodeHeapSize                     = 122913754                              {pd product} {ergonomic}
    uintx ReservedCodeCacheSize                    = 251658240                              {pd product} {ergonomic}
     bool SegmentedCodeCache                       = true                                      {product} {ergonomic}
     bool UseCompressedClassPointers               = true                                 {lp64_product} {ergonomic}
     bool UseCompressedOops                        = true                                 {lp64_product} {ergonomic}
     bool UseG1GC                                  = true                                      {product} {ergonomic}
     bool UseLargePagesIndividualAllocation        = false                                  {pd product} {ergonomic}

Logging:
Log output configuration:
 #0: stdout all=warning uptime,level,tags
 #1: stderr all=off uptime,level,tags

Environment Variables:
JAVA_HOME=C:\Program Files\Java\jdk-18.0.2.1
PATH=C:\Program Files\Common Files\Oracle\Java\javapath;C:\Windows\system32;C:\Windows;C:\Windows\System32\Wbem;C:\Windows\System32\WindowsPowerShell\v1.0\;C:\Windows\System32\OpenSSH\;C:\xampp\php;C:\composer;C:\Program Files\nodejs\;C:\Program Files\Git\cmd;C:\ProgramData\ComposerSetup\bin;C:\src\flutter\bin;C:\Users\user\AppData\Local\Programs\Microsoft VS Code\bin;C:\Users\user\AppData\Local\Microsoft;
USERNAME=user
OS=Windows_NT
PROCESSOR_IDENTIFIER=Intel64 Family 6 Model 158 Stepping 10, GenuineIntel



---------------  S Y S T E M  ---------------

OS: Windows 10 , 64 bit Build 19041 (10.0.19041.1706)
OS uptime: 0 days 3:37 hours

CPU:total 6 (initial active 6) (6 cores per cpu, 1 threads per core) family 6 model 158 stepping 10 microcode 0xd6, cmov, cx8, fxsr, mmx, sse, sse2, sse3, ssse3, sse4.1, sse4.2, popcnt, avx, avx2, aes, clmul, erms, 3dnowpref, lzcnt, tsc, tscinvbit, bmi1, bmi2, adx, fma

Memory: 4k page, system-wide physical 8143M (435M free)
TotalPageFile size 10191M (AvailPageFile size 6M)
current process WorkingSet (physical memory assigned to process): 214M, peak: 214M
current process commit charge ("private bytes"): 280M, peak: 281M

vm_info: OpenJDK 64-Bit Server VM (11.0.13+0-b1751.21-8125866) for windows-amd64 JRE (11.0.13+0-b1751.21-8125866), built on Feb  2 2022 03:00:22 by "builder" with MS VC++ 14.0 (VS2015)

END.
